#
# There is insufficient memory for the Java Runtime Environment to continue.
# Native memory allocation (malloc) failed to allocate 32744 bytes for ChunkPool::allocate
# Possible reasons:
#   The system is out of physical RAM or swap space
#   The process is running with CompressedOops enabled, and the Java Heap may be blocking the growth of the native heap
# Possible solutions:
#   Reduce memory load on the system
#   Increase physical memory or swap space
#   Check if swap backing store is full
#   Decrease Java heap size (-Xmx/-Xms)
#   Decrease number of Java threads
#   Decrease Java thread stack sizes (-Xss)
#   Set larger code cache with -XX:ReservedCodeCacheSize=
#   JVM is running with Unscaled Compressed Oops mode in which the Java heap is
#     placed in the first 4GB address space. The Java Heap base address is the
#     maximum limit for the native heap growth. Please use -XX:HeapBaseMinAddress
#     to set the Java Heap base and to place the Java Heap above 4GB virtual address.
# This output file may be truncated or incomplete.
#
#  Out of Memory Error (./src/hotspot/share/memory/arena.cpp:81), pid=23232, tid=2528
#
# JRE version: OpenJDK Runtime Environment Corretto-11.0.17.8.1 (11.0.17+8) (build 11.0.17+8-LTS)
# Java VM: OpenJDK 64-Bit Server VM Corretto-11.0.17.8.1 (11.0.17+8-LTS, mixed mode, tiered, compressed oops, g1 gc, windows-amd64)
# No core dump will be written. Minidumps are not enabled by default on client versions of Windows
#

---------------  S U M M A R Y ------------

Command Line: -javaagent:C:\Program Files\JetBrains\IntelliJ IDEA Community Edition 2022.2\lib\idea_rt.jar=64752:C:\Program Files\JetBrains\IntelliJ IDEA Community Edition 2022.2\bin -Dfile.encoding=UTF-8 com.bbb.rbnbperso.RbnbpersoApplication

Host: Intel(R) Pentium(R) Silver J5040 CPU @ 2.00GHz, 4 cores, 3G,  Windows 11 , 64 bit Build 22621 (10.0.22621.1105)
Time: Wed Feb 15 13:36:11 2023 Paris, Madrid elapsed time: 301.169868 seconds (0d 0h 5m 1s)

---------------  T H R E A D  ---------------

Current thread (0x00000217c718a800):  JavaThread "C1 CompilerThread0" daemon [_thread_in_native, id=2528, stack(0x0000003e7bf00000,0x0000003e7c000000)]


Current CompileTask:
C1: 301184 6650       3       java.util.concurrent.locks.ReentrantReadWriteLock$Sync::tryReleaseShared (146 bytes)

Stack: [0x0000003e7bf00000,0x0000003e7c000000]
Native frames: (J=compiled Java code, j=interpreted, Vv=VM code, C=native code)
V  [jvm.dll+0x61f66a]
V  [jvm.dll+0x7ac889]
V  [jvm.dll+0x7adf78]
V  [jvm.dll+0x7ae653]
V  [jvm.dll+0x24fbe8]
V  [jvm.dll+0xc288b]
V  [jvm.dll+0xc2bec]
V  [jvm.dll+0x112ed6]
V  [jvm.dll+0x5e288d]
V  [jvm.dll+0x1b1cb8]
V  [jvm.dll+0x16436f]
V  [jvm.dll+0x15b8cf]
V  [jvm.dll+0x15646e]
V  [jvm.dll+0x142920]
V  [jvm.dll+0x12ad19]
V  [jvm.dll+0x12a61f]
V  [jvm.dll+0x12a84f]
V  [jvm.dll+0x129af4]
V  [jvm.dll+0x12ba07]
V  [jvm.dll+0x217894]
V  [jvm.dll+0x215adb]
V  [jvm.dll+0x76f380]
V  [jvm.dll+0x7682b4]
V  [jvm.dll+0x61e4d5]
C  [ucrtbase.dll+0x29363]
C  [KERNEL32.DLL+0x126bd]
C  [ntdll.dll+0x5dfb8]


---------------  P R O C E S S  ---------------

Threads class SMR info:
_java_thread_list=0x00000217c92ac1f0, length=30, elements={
0x00000217c712f800, 0x00000217c7120000, 0x00000217c7180800, 0x00000217c7183800,
0x00000217c7187000, 0x00000217c7189000, 0x00000217c718a800, 0x00000217c7aec800,
0x00000217c7c27000, 0x00000217c7f24800, 0x00000217cba7e800, 0x00000217cb070800,
0x00000217cc64b800, 0x00000217ccd62000, 0x00000217cb6b1000, 0x00000217c9586800,
0x00000217c9584000, 0x00000217c9585000, 0x00000217c9588000, 0x00000217c9586000,
0x00000217c9582800, 0x00000217c9589000, 0x00000217c9583800, 0x00000217cc932000,
0x00000217cc931000, 0x00000217cc932800, 0x00000217cc933800, 0x00000217cc934800,
0x00000217cc935000, 0x00000217cc92f800
}

Java Threads: ( => current thread )
  0x00000217c712f800 JavaThread "Reference Handler" daemon [_thread_blocked, id=34932, stack(0x0000003e7b900000,0x0000003e7ba00000)]
  0x00000217c7120000 JavaThread "Finalizer" daemon [_thread_blocked, id=13924, stack(0x0000003e7ba00000,0x0000003e7bb00000)]
  0x00000217c7180800 JavaThread "Signal Dispatcher" daemon [_thread_blocked, id=24660, stack(0x0000003e7bb00000,0x0000003e7bc00000)]
  0x00000217c7183800 JavaThread "Attach Listener" daemon [_thread_blocked, id=1128, stack(0x0000003e7bc00000,0x0000003e7bd00000)]
  0x00000217c7187000 JavaThread "Service Thread" daemon [_thread_blocked, id=32796, stack(0x0000003e7bd00000,0x0000003e7be00000)]
  0x00000217c7189000 JavaThread "C2 CompilerThread0" daemon [_thread_blocked, id=34692, stack(0x0000003e7be00000,0x0000003e7bf00000)]
=>0x00000217c718a800 JavaThread "C1 CompilerThread0" daemon [_thread_in_native, id=2528, stack(0x0000003e7bf00000,0x0000003e7c000000)]
  0x00000217c7aec800 JavaThread "Sweeper thread" daemon [_thread_blocked, id=31192, stack(0x0000003e7c000000,0x0000003e7c100000)]
  0x00000217c7c27000 JavaThread "Common-Cleaner" daemon [_thread_blocked, id=34608, stack(0x0000003e7c100000,0x0000003e7c200000)]
  0x00000217c7f24800 JavaThread "Monitor Ctrl-Break" daemon [_thread_in_native, id=29692, stack(0x0000003e7c200000,0x0000003e7c300000)]
  0x00000217cba7e800 JavaThread "mysql-cj-abandoned-connection-cleanup" daemon [_thread_blocked, id=4672, stack(0x0000003e7b000000,0x0000003e7b100000)]
  0x00000217cb070800 JavaThread "HikariPool-1 housekeeper" daemon [_thread_blocked, id=33536, stack(0x0000003e7cb00000,0x0000003e7cc00000)]
  0x00000217cc64b800 JavaThread "Catalina-utility-1" [_thread_blocked, id=6964, stack(0x0000003e7cc00000,0x0000003e7cd00000)]
  0x00000217ccd62000 JavaThread "Catalina-utility-2" [_thread_blocked, id=23792, stack(0x0000003e7cf00000,0x0000003e7d000000)]
  0x00000217cb6b1000 JavaThread "container-0" [_thread_blocked, id=28708, stack(0x0000003e7d000000,0x0000003e7d100000)]
  0x00000217c9586800 JavaThread "File Watcher" daemon [_thread_blocked, id=11700, stack(0x0000003e7af00000,0x0000003e7b000000)]
  0x00000217c9584000 JavaThread "Live Reload Server" daemon [_thread_in_native, id=14984, stack(0x0000003e7d100000,0x0000003e7d200000)]
  0x00000217c9585000 JavaThread "http-nio-8081-exec-1" daemon [_thread_blocked, id=25224, stack(0x0000003e7b100000,0x0000003e7b200000)]
  0x00000217c9588000 JavaThread "http-nio-8081-exec-2" daemon [_thread_blocked, id=22384, stack(0x0000003e7d200000,0x0000003e7d300000)]
  0x00000217c9586000 JavaThread "http-nio-8081-exec-3" daemon [_thread_blocked, id=28168, stack(0x0000003e7d300000,0x0000003e7d400000)]
  0x00000217c9582800 JavaThread "http-nio-8081-exec-4" daemon [_thread_blocked, id=13200, stack(0x0000003e7d400000,0x0000003e7d500000)]
  0x00000217c9589000 JavaThread "http-nio-8081-exec-5" daemon [_thread_blocked, id=11888, stack(0x0000003e7d500000,0x0000003e7d600000)]
  0x00000217c9583800 JavaThread "http-nio-8081-exec-6" daemon [_thread_blocked, id=23764, stack(0x0000003e7d600000,0x0000003e7d700000)]
  0x00000217cc932000 JavaThread "http-nio-8081-exec-7" daemon [_thread_blocked, id=30480, stack(0x0000003e7d700000,0x0000003e7d800000)]
  0x00000217cc931000 JavaThread "http-nio-8081-exec-8" daemon [_thread_blocked, id=12292, stack(0x0000003e7d800000,0x0000003e7d900000)]
  0x00000217cc932800 JavaThread "http-nio-8081-exec-9" daemon [_thread_blocked, id=15748, stack(0x0000003e7d900000,0x0000003e7da00000)]
  0x00000217cc933800 JavaThread "http-nio-8081-exec-10" daemon [_thread_blocked, id=23808, stack(0x0000003e7da00000,0x0000003e7db00000)]
  0x00000217cc934800 JavaThread "http-nio-8081-Poller" daemon [_thread_in_native, id=17204, stack(0x0000003e7db00000,0x0000003e7dc00000)]
  0x00000217cc935000 JavaThread "http-nio-8081-Acceptor" daemon [_thread_in_native, id=18928, stack(0x0000003e7dc00000,0x0000003e7dd00000)]
  0x00000217cc92f800 JavaThread "DestroyJavaVM" [_thread_blocked, id=14804, stack(0x0000003e7b200000,0x0000003e7b300000)]

Other Threads:
  0x00000217c70f9000 VMThread "VM Thread" [stack: 0x0000003e7b800000,0x0000003e7b900000] [id=9196]
  0x00000217c7d78000 WatcherThread [stack: 0x0000003e7c300000,0x0000003e7c400000] [id=27960]
  0x00000217ab12f800 GCTaskThread "GC Thread#0" [stack: 0x0000003e7b300000,0x0000003e7b400000] [id=19092]
  0x00000217c84c9000 GCTaskThread "GC Thread#1" [stack: 0x0000003e7c400000,0x0000003e7c500000] [id=52]
  0x00000217c8c76000 GCTaskThread "GC Thread#2" [stack: 0x0000003e7c800000,0x0000003e7c900000] [id=16812]
  0x00000217c8c02800 GCTaskThread "GC Thread#3" [stack: 0x0000003e7c900000,0x0000003e7ca00000] [id=26252]
  0x00000217ab149800 ConcurrentGCThread "G1 Main Marker" [stack: 0x0000003e7b400000,0x0000003e7b500000] [id=7140]
  0x00000217ab14c000 ConcurrentGCThread "G1 Conc#0" [stack: 0x0000003e7b500000,0x0000003e7b600000] [id=7116]
  0x00000217ab194800 ConcurrentGCThread "G1 Refine#0" [stack: 0x0000003e7b600000,0x0000003e7b700000] [id=29372]
  0x00000217c7e72800 ConcurrentGCThread "G1 Refine#1" [stack: 0x0000003e7c500000,0x0000003e7c600000] [id=19920]
  0x00000217ab197800 ConcurrentGCThread "G1 Young RemSet Sampling" [stack: 0x0000003e7b700000,0x0000003e7b800000] [id=4820]

Threads with active compile tasks:
C1 CompilerThread0   301442 6650       3       java.util.concurrent.locks.ReentrantReadWriteLock$Sync::tryReleaseShared (146 bytes)

VM state:not at safepoint (normal execution)

VM Mutex/Monitor currently owned by a thread: None

Heap address: 0x00000000c3e00000, size: 962 MB, Compressed Oops mode: 32-bit
Narrow klass base: 0x0000000000000000, Narrow klass shift: 3
Compressed class space size: 1073741824 Address: 0x0000000100000000

Heap:
 garbage-first heap   total 153600K, used 81736K [0x00000000c3e00000, 0x0000000100000000)
  region size 1024K, 38 young (38912K), 1 survivors (1024K)
 Metaspace       used 73150K, capacity 75115K, committed 75264K, reserved 1114112K
  class space    used 9114K, capacity 9892K, committed 9984K, reserved 1048576K
Heap Regions: E=young(eden), S=young(survivor), O=old, HS=humongous(starts), HC=humongous(continues), CS=collection set, F=free, A=archive, TAMS=top-at-mark-start (previous, next)
|   0|0x00000000c3e00000, 0x00000000c3f00000, 0x00000000c3f00000|100%|HS|  |TAMS 0x00000000c3f00000, 0x00000000c3e00000| Complete 
|   1|0x00000000c3f00000, 0x00000000c4000000, 0x00000000c4000000|100%| O|  |TAMS 0x00000000c4000000, 0x00000000c3f00000| Untracked 
|   2|0x00000000c4000000, 0x00000000c4100000, 0x00000000c4100000|100%| O|  |TAMS 0x00000000c4100000, 0x00000000c4000000| Untracked 
|   3|0x00000000c4100000, 0x00000000c4200000, 0x00000000c4200000|100%| O|  |TAMS 0x00000000c4200000, 0x00000000c4100000| Untracked 
|   4|0x00000000c4200000, 0x00000000c4300000, 0x00000000c4300000|100%| O|  |TAMS 0x00000000c4300000, 0x00000000c4200000| Untracked 
|   5|0x00000000c4300000, 0x00000000c4400000, 0x00000000c4400000|100%| O|  |TAMS 0x00000000c4400000, 0x00000000c4300000| Untracked 
|   6|0x00000000c4400000, 0x00000000c4500000, 0x00000000c4500000|100%| O|  |TAMS 0x00000000c4500000, 0x00000000c4400000| Untracked 
|   7|0x00000000c4500000, 0x00000000c4600000, 0x00000000c4600000|100%| O|  |TAMS 0x00000000c4600000, 0x00000000c4500000| Untracked 
|   8|0x00000000c4600000, 0x00000000c4700000, 0x00000000c4700000|100%| O|  |TAMS 0x00000000c4700000, 0x00000000c4600000| Untracked 
|   9|0x00000000c4700000, 0x00000000c4800000, 0x00000000c4800000|100%| O|  |TAMS 0x00000000c4800000, 0x00000000c4700000| Untracked 
|  10|0x00000000c4800000, 0x00000000c4900000, 0x00000000c4900000|100%| O|  |TAMS 0x00000000c4900000, 0x00000000c4800000| Untracked 
|  11|0x00000000c4900000, 0x00000000c4a00000, 0x00000000c4a00000|100%| O|  |TAMS 0x00000000c4a00000, 0x00000000c4900000| Untracked 
|  12|0x00000000c4a00000, 0x00000000c4b00000, 0x00000000c4b00000|100%| O|  |TAMS 0x00000000c4b00000, 0x00000000c4a00000| Untracked 
|  13|0x00000000c4b00000, 0x00000000c4c00000, 0x00000000c4c00000|100%| O|  |TAMS 0x00000000c4c00000, 0x00000000c4b00000| Untracked 
|  14|0x00000000c4c00000, 0x00000000c4d00000, 0x00000000c4d00000|100%| O|  |TAMS 0x00000000c4d00000, 0x00000000c4c00000| Untracked 
|  15|0x00000000c4d00000, 0x00000000c4e00000, 0x00000000c4e00000|100%| O|  |TAMS 0x00000000c4e00000, 0x00000000c4d00000| Untracked 
|  16|0x00000000c4e00000, 0x00000000c4f00000, 0x00000000c4f00000|100%| O|  |TAMS 0x00000000c4f00000, 0x00000000c4e00000| Untracked 
|  17|0x00000000c4f00000, 0x00000000c5000000, 0x00000000c5000000|100%| O|  |TAMS 0x00000000c5000000, 0x00000000c4f00000| Untracked 
|  18|0x00000000c5000000, 0x00000000c5100000, 0x00000000c5100000|100%| O|  |TAMS 0x00000000c5100000, 0x00000000c5000000| Untracked 
|  19|0x00000000c5100000, 0x00000000c5200000, 0x00000000c5200000|100%| O|  |TAMS 0x00000000c5200000, 0x00000000c5100000| Untracked 
|  20|0x00000000c5200000, 0x00000000c5300000, 0x00000000c5300000|100%| O|  |TAMS 0x00000000c5300000, 0x00000000c5200000| Untracked 
|  21|0x00000000c5300000, 0x00000000c5400000, 0x00000000c5400000|100%| O|  |TAMS 0x00000000c5400000, 0x00000000c5300000| Untracked 
|  22|0x00000000c5400000, 0x00000000c5500000, 0x00000000c5500000|100%| O|  |TAMS 0x00000000c5500000, 0x00000000c5400000| Untracked 
|  23|0x00000000c5500000, 0x00000000c5600000, 0x00000000c5600000|100%| O|  |TAMS 0x00000000c5600000, 0x00000000c5500000| Untracked 
|  24|0x00000000c5600000, 0x00000000c5700000, 0x00000000c5700000|100%| O|  |TAMS 0x00000000c5700000, 0x00000000c5600000| Untracked 
|  25|0x00000000c5700000, 0x00000000c5800000, 0x00000000c5800000|100%| O|  |TAMS 0x00000000c5800000, 0x00000000c5700000| Untracked 
|  26|0x00000000c5800000, 0x00000000c5900000, 0x00000000c5900000|100%| O|  |TAMS 0x00000000c5900000, 0x00000000c5800000| Untracked 
|  27|0x00000000c5900000, 0x00000000c5a00000, 0x00000000c5a00000|100%| O|  |TAMS 0x00000000c5a00000, 0x00000000c5900000| Untracked 
|  28|0x00000000c5a00000, 0x00000000c5b00000, 0x00000000c5b00000|100%| O|  |TAMS 0x00000000c5b00000, 0x00000000c5a00000| Untracked 
|  29|0x00000000c5b00000, 0x00000000c5c00000, 0x00000000c5c00000|100%| O|  |TAMS 0x00000000c5c00000, 0x00000000c5b00000| Untracked 
|  30|0x00000000c5c00000, 0x00000000c5d00000, 0x00000000c5d00000|100%| O|  |TAMS 0x00000000c5d00000, 0x00000000c5c00000| Untracked 
|  31|0x00000000c5d00000, 0x00000000c5e00000, 0x00000000c5e00000|100%| O|  |TAMS 0x00000000c5d00000, 0x00000000c5d00000| Untracked 
|  32|0x00000000c5e00000, 0x00000000c5f00000, 0x00000000c5f00000|100%| O|  |TAMS 0x00000000c5f00000, 0x00000000c5e00000| Untracked 
|  33|0x00000000c5f00000, 0x00000000c6000000, 0x00000000c6000000|100%| O|  |TAMS 0x00000000c6000000, 0x00000000c5f00000| Untracked 
|  34|0x00000000c6000000, 0x00000000c6000000, 0x00000000c6100000|  0%| F|  |TAMS 0x00000000c6000000, 0x00000000c6000000| Untracked 
|  35|0x00000000c6100000, 0x00000000c6200000, 0x00000000c6200000|100%| O|  |TAMS 0x00000000c6200000, 0x00000000c6100000| Untracked 
|  36|0x00000000c6200000, 0x00000000c6300000, 0x00000000c6300000|100%| O|  |TAMS 0x00000000c62b6800, 0x00000000c6200000| Untracked 
|  37|0x00000000c6300000, 0x00000000c6300000, 0x00000000c6400000|  0%| F|  |TAMS 0x00000000c6300000, 0x00000000c6300000| Untracked 
|  38|0x00000000c6400000, 0x00000000c6500000, 0x00000000c6500000|100%| O|  |TAMS 0x00000000c6400000, 0x00000000c6400000| Untracked 
|  39|0x00000000c6500000, 0x00000000c6600000, 0x00000000c6600000|100%| O|  |TAMS 0x00000000c6500000, 0x00000000c6500000| Untracked 
|  40|0x00000000c6600000, 0x00000000c6700000, 0x00000000c6700000|100%| O|  |TAMS 0x00000000c6600000, 0x00000000c6600000| Untracked 
|  41|0x00000000c6700000, 0x00000000c67d2000, 0x00000000c6800000| 82%| O|  |TAMS 0x00000000c6700000, 0x00000000c6700000| Untracked 
|  42|0x00000000c6800000, 0x00000000c6800000, 0x00000000c6900000|  0%| F|  |TAMS 0x00000000c6800000, 0x00000000c6800000| Untracked 
|  43|0x00000000c6900000, 0x00000000c6900000, 0x00000000c6a00000|  0%| F|  |TAMS 0x00000000c6900000, 0x00000000c6900000| Untracked 
|  44|0x00000000c6a00000, 0x00000000c6a00000, 0x00000000c6b00000|  0%| F|  |TAMS 0x00000000c6a00000, 0x00000000c6a00000| Untracked 
|  45|0x00000000c6b00000, 0x00000000c6c00000, 0x00000000c6c00000|100%| O|  |TAMS 0x00000000c6c00000, 0x00000000c6b00000| Untracked 
|  46|0x00000000c6c00000, 0x00000000c6d00000, 0x00000000c6d00000|100%| O|  |TAMS 0x00000000c6d00000, 0x00000000c6c00000| Untracked 
|  47|0x00000000c6d00000, 0x00000000c6d00000, 0x00000000c6e00000|  0%| F|  |TAMS 0x00000000c6d00000, 0x00000000c6d00000| Untracked 
|  48|0x00000000c6e00000, 0x00000000c6f00000, 0x00000000c6f00000|100%| O|  |TAMS 0x00000000c6f00000, 0x00000000c6e00000| Untracked 
|  49|0x00000000c6f00000, 0x00000000c6f00000, 0x00000000c7000000|  0%| F|  |TAMS 0x00000000c6f00000, 0x00000000c6f00000| Untracked 
|  50|0x00000000c7000000, 0x00000000c7000000, 0x00000000c7100000|  0%| F|  |TAMS 0x00000000c7000000, 0x00000000c7000000| Untracked 
|  51|0x00000000c7100000, 0x00000000c7100000, 0x00000000c7200000|  0%| F|  |TAMS 0x00000000c7100000, 0x00000000c7100000| Untracked 
|  52|0x00000000c7200000, 0x00000000c7200000, 0x00000000c7300000|  0%| F|  |TAMS 0x00000000c7200000, 0x00000000c7200000| Untracked 
|  53|0x00000000c7300000, 0x00000000c7300000, 0x00000000c7400000|  0%| F|  |TAMS 0x00000000c7300000, 0x00000000c7300000| Untracked 
|  54|0x00000000c7400000, 0x00000000c7400000, 0x00000000c7500000|  0%| F|  |TAMS 0x00000000c7400000, 0x00000000c7400000| Untracked 
|  55|0x00000000c7500000, 0x00000000c7500000, 0x00000000c7600000|  0%| F|  |TAMS 0x00000000c7500000, 0x00000000c7500000| Untracked 
|  56|0x00000000c7600000, 0x00000000c7600000, 0x00000000c7700000|  0%| F|  |TAMS 0x00000000c7600000, 0x00000000c7600000| Untracked 
|  57|0x00000000c7700000, 0x00000000c7700000, 0x00000000c7800000|  0%| F|  |TAMS 0x00000000c7700000, 0x00000000c7700000| Untracked 
|  58|0x00000000c7800000, 0x00000000c7800000, 0x00000000c7900000|  0%| F|  |TAMS 0x00000000c7800000, 0x00000000c7800000| Untracked 
|  59|0x00000000c7900000, 0x00000000c7900000, 0x00000000c7a00000|  0%| F|  |TAMS 0x00000000c7900000, 0x00000000c7900000| Untracked 
|  60|0x00000000c7a00000, 0x00000000c7a00000, 0x00000000c7b00000|  0%| F|  |TAMS 0x00000000c7a00000, 0x00000000c7a00000| Untracked 
|  61|0x00000000c7b00000, 0x00000000c7b00000, 0x00000000c7c00000|  0%| F|  |TAMS 0x00000000c7b00000, 0x00000000c7b00000| Untracked 
|  62|0x00000000c7c00000, 0x00000000c7c00000, 0x00000000c7d00000|  0%| F|  |TAMS 0x00000000c7c00000, 0x00000000c7c00000| Untracked 
|  63|0x00000000c7d00000, 0x00000000c7d00000, 0x00000000c7e00000|  0%| F|  |TAMS 0x00000000c7d00000, 0x00000000c7d00000| Untracked 
|  64|0x00000000c7e00000, 0x00000000c7e00000, 0x00000000c7f00000|  0%| F|  |TAMS 0x00000000c7e00000, 0x00000000c7e00000| Untracked 
|  65|0x00000000c7f00000, 0x00000000c7f00000, 0x00000000c8000000|  0%| F|  |TAMS 0x00000000c7f00000, 0x00000000c7f00000| Untracked 
|  66|0x00000000c8000000, 0x00000000c8000000, 0x00000000c8100000|  0%| F|  |TAMS 0x00000000c8000000, 0x00000000c8000000| Untracked 
|  67|0x00000000c8100000, 0x00000000c8100000, 0x00000000c8200000|  0%| F|  |TAMS 0x00000000c8100000, 0x00000000c8100000| Untracked 
|  68|0x00000000c8200000, 0x00000000c8200000, 0x00000000c8300000|  0%| F|  |TAMS 0x00000000c8200000, 0x00000000c8200000| Untracked 
|  69|0x00000000c8300000, 0x00000000c8300000, 0x00000000c8400000|  0%| F|  |TAMS 0x00000000c8300000, 0x00000000c8300000| Untracked 
|  70|0x00000000c8400000, 0x00000000c8400000, 0x00000000c8500000|  0%| F|  |TAMS 0x00000000c8400000, 0x00000000c8400000| Untracked 
|  71|0x00000000c8500000, 0x00000000c8500000, 0x00000000c8600000|  0%| F|  |TAMS 0x00000000c8500000, 0x00000000c8500000| Untracked 
|  72|0x00000000c8600000, 0x00000000c8600000, 0x00000000c8700000|  0%| F|  |TAMS 0x00000000c8600000, 0x00000000c8600000| Untracked 
|  73|0x00000000c8700000, 0x00000000c8700000, 0x00000000c8800000|  0%| F|  |TAMS 0x00000000c8700000, 0x00000000c8700000| Untracked 
|  74|0x00000000c8800000, 0x00000000c8800000, 0x00000000c8900000|  0%| F|  |TAMS 0x00000000c8800000, 0x00000000c8800000| Untracked 
|  75|0x00000000c8900000, 0x00000000c8900000, 0x00000000c8a00000|  0%| F|  |TAMS 0x00000000c8900000, 0x00000000c8900000| Untracked 
|  76|0x00000000c8a00000, 0x00000000c8a00000, 0x00000000c8b00000|  0%| F|  |TAMS 0x00000000c8a00000, 0x00000000c8a00000| Untracked 
|  77|0x00000000c8b00000, 0x00000000c8b00000, 0x00000000c8c00000|  0%| F|  |TAMS 0x00000000c8b00000, 0x00000000c8b00000| Untracked 
|  78|0x00000000c8c00000, 0x00000000c8c00000, 0x00000000c8d00000|  0%| F|  |TAMS 0x00000000c8c00000, 0x00000000c8c00000| Untracked 
|  79|0x00000000c8d00000, 0x00000000c8d00000, 0x00000000c8e00000|  0%| F|  |TAMS 0x00000000c8d00000, 0x00000000c8d00000| Untracked 
|  80|0x00000000c8e00000, 0x00000000c8e00000, 0x00000000c8f00000|  0%| F|  |TAMS 0x00000000c8e00000, 0x00000000c8e00000| Untracked 
|  81|0x00000000c8f00000, 0x00000000c8f00000, 0x00000000c9000000|  0%| F|  |TAMS 0x00000000c8f00000, 0x00000000c8f00000| Untracked 
|  82|0x00000000c9000000, 0x00000000c9000000, 0x00000000c9100000|  0%| F|  |TAMS 0x00000000c9000000, 0x00000000c9000000| Untracked 
|  83|0x00000000c9100000, 0x00000000c9100000, 0x00000000c9200000|  0%| F|  |TAMS 0x00000000c9100000, 0x00000000c9100000| Untracked 
|  84|0x00000000c9200000, 0x00000000c9200000, 0x00000000c9300000|  0%| F|  |TAMS 0x00000000c9200000, 0x00000000c9200000| Untracked 
|  85|0x00000000c9300000, 0x00000000c9300000, 0x00000000c9400000|  0%| F|  |TAMS 0x00000000c9300000, 0x00000000c9300000| Untracked 
|  86|0x00000000c9400000, 0x00000000c9400000, 0x00000000c9500000|  0%| F|  |TAMS 0x00000000c9400000, 0x00000000c9400000| Untracked 
|  87|0x00000000c9500000, 0x00000000c9500000, 0x00000000c9600000|  0%| F|  |TAMS 0x00000000c9500000, 0x00000000c9500000| Untracked 
|  88|0x00000000c9600000, 0x00000000c9600000, 0x00000000c9700000|  0%| F|  |TAMS 0x00000000c9600000, 0x00000000c9600000| Untracked 
|  89|0x00000000c9700000, 0x00000000c9700000, 0x00000000c9800000|  0%| F|  |TAMS 0x00000000c9700000, 0x00000000c9700000| Untracked 
|  90|0x00000000c9800000, 0x00000000c9800000, 0x00000000c9900000|  0%| F|  |TAMS 0x00000000c9800000, 0x00000000c9800000| Untracked 
|  91|0x00000000c9900000, 0x00000000c9900000, 0x00000000c9a00000|  0%| F|  |TAMS 0x00000000c9900000, 0x00000000c9900000| Untracked 
|  92|0x00000000c9a00000, 0x00000000c9a00000, 0x00000000c9b00000|  0%| F|  |TAMS 0x00000000c9a00000, 0x00000000c9a00000| Untracked 
|  93|0x00000000c9b00000, 0x00000000c9b00000, 0x00000000c9c00000|  0%| F|  |TAMS 0x00000000c9b00000, 0x00000000c9b00000| Untracked 
|  94|0x00000000c9c00000, 0x00000000c9c00000, 0x00000000c9d00000|  0%| F|  |TAMS 0x00000000c9c00000, 0x00000000c9c00000| Untracked 
|  95|0x00000000c9d00000, 0x00000000c9d00000, 0x00000000c9e00000|  0%| F|  |TAMS 0x00000000c9d00000, 0x00000000c9d00000| Untracked 
|  96|0x00000000c9e00000, 0x00000000c9e00000, 0x00000000c9f00000|  0%| F|  |TAMS 0x00000000c9e00000, 0x00000000c9e00000| Untracked 
|  97|0x00000000c9f00000, 0x00000000c9f00000, 0x00000000ca000000|  0%| F|  |TAMS 0x00000000c9f00000, 0x00000000c9f00000| Untracked 
|  98|0x00000000ca000000, 0x00000000ca000000, 0x00000000ca100000|  0%| F|  |TAMS 0x00000000ca000000, 0x00000000ca000000| Untracked 
|  99|0x00000000ca100000, 0x00000000ca100000, 0x00000000ca200000|  0%| F|  |TAMS 0x00000000ca100000, 0x00000000ca100000| Untracked 
| 100|0x00000000ca200000, 0x00000000ca200000, 0x00000000ca300000|  0%| F|  |TAMS 0x00000000ca200000, 0x00000000ca200000| Untracked 
| 101|0x00000000ca300000, 0x00000000ca300000, 0x00000000ca400000|  0%| F|  |TAMS 0x00000000ca300000, 0x00000000ca300000| Untracked 
| 102|0x00000000ca400000, 0x00000000ca400000, 0x00000000ca500000|  0%| F|  |TAMS 0x00000000ca400000, 0x00000000ca400000| Untracked 
| 103|0x00000000ca500000, 0x00000000ca500000, 0x00000000ca600000|  0%| F|  |TAMS 0x00000000ca500000, 0x00000000ca500000| Untracked 
| 104|0x00000000ca600000, 0x00000000ca600000, 0x00000000ca700000|  0%| F|  |TAMS 0x00000000ca600000, 0x00000000ca600000| Untracked 
| 105|0x00000000ca700000, 0x00000000ca700000, 0x00000000ca800000|  0%| F|  |TAMS 0x00000000ca700000, 0x00000000ca700000| Untracked 
| 106|0x00000000ca800000, 0x00000000ca800000, 0x00000000ca900000|  0%| F|  |TAMS 0x00000000ca800000, 0x00000000ca800000| Untracked 
| 107|0x00000000ca900000, 0x00000000ca900000, 0x00000000caa00000|  0%| F|  |TAMS 0x00000000ca900000, 0x00000000ca900000| Untracked 
| 108|0x00000000caa00000, 0x00000000caa00000, 0x00000000cab00000|  0%| F|  |TAMS 0x00000000caa00000, 0x00000000caa00000| Untracked 
| 109|0x00000000cab00000, 0x00000000cab00000, 0x00000000cac00000|  0%| F|  |TAMS 0x00000000cab00000, 0x00000000cab00000| Untracked 
| 110|0x00000000cac00000, 0x00000000cac00000, 0x00000000cad00000|  0%| F|  |TAMS 0x00000000cac00000, 0x00000000cac00000| Untracked 
| 111|0x00000000cad00000, 0x00000000cad00000, 0x00000000cae00000|  0%| F|  |TAMS 0x00000000cad00000, 0x00000000cad00000| Untracked 
| 112|0x00000000cae00000, 0x00000000caebe3e0, 0x00000000caf00000| 74%| E|  |TAMS 0x00000000cae00000, 0x00000000cae00000| Complete 
| 113|0x00000000caf00000, 0x00000000cb000000, 0x00000000cb000000|100%| E|CS|TAMS 0x00000000caf00000, 0x00000000caf00000| Complete 
| 114|0x00000000cb000000, 0x00000000cb100000, 0x00000000cb100000|100%| E|CS|TAMS 0x00000000cb000000, 0x00000000cb000000| Complete 
| 115|0x00000000cb100000, 0x00000000cb200000, 0x00000000cb200000|100%| E|CS|TAMS 0x00000000cb100000, 0x00000000cb100000| Complete 
| 116|0x00000000cb200000, 0x00000000cb300000, 0x00000000cb300000|100%| E|CS|TAMS 0x00000000cb200000, 0x00000000cb200000| Complete 
| 117|0x00000000cb300000, 0x00000000cb400000, 0x00000000cb400000|100%| E|CS|TAMS 0x00000000cb300000, 0x00000000cb300000| Complete 
| 118|0x00000000cb400000, 0x00000000cb500000, 0x00000000cb500000|100%| E|CS|TAMS 0x00000000cb400000, 0x00000000cb400000| Complete 
| 119|0x00000000cb500000, 0x00000000cb600000, 0x00000000cb600000|100%| E|CS|TAMS 0x00000000cb500000, 0x00000000cb500000| Complete 
| 120|0x00000000cb600000, 0x00000000cb700000, 0x00000000cb700000|100%| E|CS|TAMS 0x00000000cb600000, 0x00000000cb600000| Complete 
| 121|0x00000000cb700000, 0x00000000cb800000, 0x00000000cb800000|100%| E|CS|TAMS 0x00000000cb700000, 0x00000000cb700000| Complete 
| 122|0x00000000cb800000, 0x00000000cb900000, 0x00000000cb900000|100%| E|CS|TAMS 0x00000000cb800000, 0x00000000cb800000| Complete 
| 123|0x00000000cb900000, 0x00000000cba00000, 0x00000000cba00000|100%| E|CS|TAMS 0x00000000cb900000, 0x00000000cb900000| Complete 
| 124|0x00000000cba00000, 0x00000000cbb00000, 0x00000000cbb00000|100%| E|CS|TAMS 0x00000000cba00000, 0x00000000cba00000| Complete 
| 125|0x00000000cbb00000, 0x00000000cbc00000, 0x00000000cbc00000|100%| E|CS|TAMS 0x00000000cbb00000, 0x00000000cbb00000| Complete 
| 126|0x00000000cbc00000, 0x00000000cbd00000, 0x00000000cbd00000|100%| E|CS|TAMS 0x00000000cbc00000, 0x00000000cbc00000| Complete 
| 127|0x00000000cbd00000, 0x00000000cbe00000, 0x00000000cbe00000|100%| E|CS|TAMS 0x00000000cbd00000, 0x00000000cbd00000| Complete 
| 128|0x00000000cbe00000, 0x00000000cbf00000, 0x00000000cbf00000|100%| E|CS|TAMS 0x00000000cbe00000, 0x00000000cbe00000| Complete 
| 129|0x00000000cbf00000, 0x00000000cc000000, 0x00000000cc000000|100%| E|CS|TAMS 0x00000000cbf00000, 0x00000000cbf00000| Complete 
| 130|0x00000000cc000000, 0x00000000cc100000, 0x00000000cc100000|100%| E|CS|TAMS 0x00000000cc000000, 0x00000000cc000000| Complete 
| 131|0x00000000cc100000, 0x00000000cc200000, 0x00000000cc200000|100%| E|CS|TAMS 0x00000000cc100000, 0x00000000cc100000| Complete 
| 132|0x00000000cc200000, 0x00000000cc300000, 0x00000000cc300000|100%| E|CS|TAMS 0x00000000cc200000, 0x00000000cc200000| Complete 
| 133|0x00000000cc300000, 0x00000000cc400000, 0x00000000cc400000|100%| E|CS|TAMS 0x00000000cc300000, 0x00000000cc300000| Complete 
| 134|0x00000000cc400000, 0x00000000cc500000, 0x00000000cc500000|100%| E|CS|TAMS 0x00000000cc400000, 0x00000000cc400000| Complete 
| 135|0x00000000cc500000, 0x00000000cc600000, 0x00000000cc600000|100%| E|CS|TAMS 0x00000000cc500000, 0x00000000cc500000| Complete 
| 136|0x00000000cc600000, 0x00000000cc700000, 0x00000000cc700000|100%| E|CS|TAMS 0x00000000cc600000, 0x00000000cc600000| Complete 
| 137|0x00000000cc700000, 0x00000000cc800000, 0x00000000cc800000|100%| E|CS|TAMS 0x00000000cc700000, 0x00000000cc700000| Complete 
| 138|0x00000000cc800000, 0x00000000cc900000, 0x00000000cc900000|100%| E|CS|TAMS 0x00000000cc800000, 0x00000000cc800000| Complete 
| 139|0x00000000cc900000, 0x00000000cca00000, 0x00000000cca00000|100%| E|CS|TAMS 0x00000000cc900000, 0x00000000cc900000| Complete 
| 140|0x00000000cca00000, 0x00000000ccb00000, 0x00000000ccb00000|100%| E|CS|TAMS 0x00000000cca00000, 0x00000000cca00000| Complete 
| 141|0x00000000ccb00000, 0x00000000ccc00000, 0x00000000ccc00000|100%| E|CS|TAMS 0x00000000ccb00000, 0x00000000ccb00000| Complete 
| 142|0x00000000ccc00000, 0x00000000ccd00000, 0x00000000ccd00000|100%| E|CS|TAMS 0x00000000ccc00000, 0x00000000ccc00000| Complete 
| 143|0x00000000ccd00000, 0x00000000cce00000, 0x00000000cce00000|100%| E|CS|TAMS 0x00000000ccd00000, 0x00000000ccd00000| Complete 
| 144|0x00000000cce00000, 0x00000000ccf00000, 0x00000000ccf00000|100%| S|CS|TAMS 0x00000000cce00000, 0x00000000cce00000| Complete 
| 145|0x00000000ccf00000, 0x00000000cd000000, 0x00000000cd000000|100%| E|CS|TAMS 0x00000000ccf00000, 0x00000000ccf00000| Complete 
| 146|0x00000000cd000000, 0x00000000cd100000, 0x00000000cd100000|100%| E|CS|TAMS 0x00000000cd000000, 0x00000000cd000000| Complete 
| 147|0x00000000cd100000, 0x00000000cd200000, 0x00000000cd200000|100%| E|CS|TAMS 0x00000000cd100000, 0x00000000cd100000| Complete 
| 148|0x00000000cd200000, 0x00000000cd300000, 0x00000000cd300000|100%| E|CS|TAMS 0x00000000cd200000, 0x00000000cd200000| Complete 
| 149|0x00000000cd300000, 0x00000000cd400000, 0x00000000cd400000|100%| E|CS|TAMS 0x00000000cd300000, 0x00000000cd300000| Complete 

Card table byte_map: [0x00000217c2a70000,0x00000217c2c60000] _byte_map_base: 0x00000217c2451000

Marking Bits (Prev, Next): (CMBitMap*) 0x00000217ab144d40, (CMBitMap*) 0x00000217ab144d08
 Prev Bits: [0x00000217c3d60000, 0x00000217c4c68000)
 Next Bits: [0x00000217c2e50000, 0x00000217c3d58000)

Polling page: 0x00000217a9100000

Metaspace:

Usage:
  Non-class:     63.69 MB capacity,    62.54 MB ( 98%) used,   941.70 KB (  1%) free+waste,   245.25 KB ( <1%) overhead. 
      Class:      9.66 MB capacity,     8.90 MB ( 92%) used,   662.50 KB (  7%) free+waste,   114.69 KB (  1%) overhead. 
       Both:     73.35 MB capacity,    71.44 MB ( 97%) used,     1.57 MB (  2%) free+waste,   359.94 KB ( <1%) overhead. 

Virtual space:
  Non-class space:       64.00 MB reserved,      63.75 MB (>99%) committed 
      Class space:        1.00 GB reserved,       9.75 MB ( <1%) committed 
             Both:        1.06 GB reserved,      73.50 MB (  7%) committed 

Chunk freelists:
   Non-Class:  57.00 KB
       Class:  0 bytes
        Both:  57.00 KB

MaxMetaspaceSize: 17179869184.00 GB
CompressedClassSpaceSize: 1.00 GB
Initial GC threshold: 20.80 MB
Current GC threshold: 118.54 MB
CDS: off

CodeHeap 'non-profiled nmethods': size=120064Kb used=4637Kb max_used=4637Kb free=115426Kb
 bounds [0x00000217bb340000, 0x00000217bb7d0000, 0x00000217c2880000]
CodeHeap 'profiled nmethods': size=120000Kb used=15813Kb max_used=15813Kb free=104186Kb
 bounds [0x00000217b3e10000, 0x00000217b4d90000, 0x00000217bb340000]
CodeHeap 'non-nmethods': size=5696Kb used=1307Kb max_used=1353Kb free=4388Kb
 bounds [0x00000217b3880000, 0x00000217b3af0000, 0x00000217b3e10000]
 total_blobs=7169 nmethods=6558 adapters=524
 compilation: enabled
              stopped_count=0, restarted_count=0
 full_count=0

Compilation events (20 events):
Event: 263.371 Thread 0x00000217c718a800 nmethod 6636 0x00000217b4d7ed90 code [0x00000217b4d7ef60, 0x00000217b4d7f1a8]
Event: 266.480 Thread 0x00000217c7189000 6637       4       java.util.AbstractCollection::containsAll (38 bytes)
Event: 266.655 Thread 0x00000217c7189000 nmethod 6637 0x00000217bb7c0a10 code [0x00000217bb7c0c60, 0x00000217bb7c1ab8]
Event: 273.332 Thread 0x00000217c718a800 6638       3       java.util.Date::<init> (10 bytes)
Event: 273.336 Thread 0x00000217c718a800 nmethod 6638 0x00000217b4d7f290 code [0x00000217b4d7f440, 0x00000217b4d7f598]
Event: 288.497 Thread 0x00000217c718a800 6639       3       java.util.concurrent.locks.AbstractQueuedSynchronizer$ConditionObject::unlinkCancelledWaiters (67 bytes)
Event: 288.499 Thread 0x00000217c718a800 nmethod 6639 0x00000217b4d7f690 code [0x00000217b4d7f860, 0x00000217b4d7fc58]
Event: 288.879 Thread 0x00000217c7189000 6640       4       java.util.HashMap$HashIterator::<init> (79 bytes)
Event: 288.896 Thread 0x00000217c7189000 nmethod 6640 0x00000217bb7c2310 code [0x00000217bb7c24a0, 0x00000217bb7c2818]
Event: 290.478 Thread 0x00000217c718a800 6641       3       org.apache.catalina.util.LifecycleBase::fireLifecycleEvent (56 bytes)
Event: 290.489 Thread 0x00000217c7189000 6643       4       java.util.TreeMap::put (247 bytes)
Event: 290.526 Thread 0x00000217c718a800 nmethod 6641 0x00000217b4d7fd90 code [0x00000217b4d7ffc0, 0x00000217b4d80818]
Event: 290.527 Thread 0x00000217c718a800 6642       3       org.apache.catalina.LifecycleEvent::<init> (16 bytes)
Event: 290.531 Thread 0x00000217c718a800 nmethod 6642 0x00000217b4d80a90 code [0x00000217b4d80c80, 0x00000217b4d81068]
Event: 290.868 Thread 0x00000217c7189000 nmethod 6643 0x00000217bb7c2990 code [0x00000217bb7c2be0, 0x00000217bb7c5af8]
Event: 291.652 Thread 0x00000217c7189000 6644       4       java.io.File::listFiles (52 bytes)
Event: 291.857 Thread 0x00000217c7189000 nmethod 6644 0x00000217bb7c6710 code [0x00000217bb7c6900, 0x00000217bb7c7058]
Event: 300.746 Thread 0x00000217c718a800 6645       3       java.util.TreeSet::add (22 bytes)
Event: 300.832 Thread 0x00000217c718a800 nmethod 6645 0x00000217b4d81190 code [0x00000217b4d81360, 0x00000217b4d81588]
Event: 300.833 Thread 0x00000217c718a800 6650       3       java.util.concurrent.locks.ReentrantReadWriteLock$Sync::tryReleaseShared (146 bytes)

GC Heap History (20 events):
Event: 57.112 GC heap before
{Heap before GC invocations=32 (full 0):
 garbage-first heap   total 63488K, used 48266K [0x00000000c3e00000, 0x0000000100000000)
  region size 1024K, 8 young (8192K), 2 survivors (2048K)
 Metaspace       used 70633K, capacity 72458K, committed 72576K, reserved 1112064K
  class space    used 8802K, capacity 9530K, committed 9600K, reserved 1048576K
}
Event: 57.118 GC heap after
{Heap after GC invocations=33 (full 0):
 garbage-first heap   total 76800K, used 45276K [0x00000000c3e00000, 0x0000000100000000)
  region size 1024K, 1 young (1024K), 1 survivors (1024K)
 Metaspace       used 70633K, capacity 72458K, committed 72576K, reserved 1112064K
  class space    used 8802K, capacity 9530K, committed 9600K, reserved 1048576K
}
Event: 57.360 GC heap before
{Heap before GC invocations=34 (full 0):
 garbage-first heap   total 76800K, used 57564K [0x00000000c3e00000, 0x0000000100000000)
  region size 1024K, 13 young (13312K), 1 survivors (1024K)
 Metaspace       used 70676K, capacity 72459K, committed 72576K, reserved 1112064K
  class space    used 8802K, capacity 9530K, committed 9600K, reserved 1048576K
}
Event: 57.367 GC heap after
{Heap after GC invocations=35 (full 0):
 garbage-first heap   total 76800K, used 48920K [0x00000000c3e00000, 0x0000000100000000)
  region size 1024K, 2 young (2048K), 2 survivors (2048K)
 Metaspace       used 70676K, capacity 72459K, committed 72576K, reserved 1112064K
  class space    used 8802K, capacity 9530K, committed 9600K, reserved 1048576K
}
Event: 57.368 GC heap before
{Heap before GC invocations=35 (full 0):
 garbage-first heap   total 76800K, used 49944K [0x00000000c3e00000, 0x0000000100000000)
  region size 1024K, 3 young (3072K), 2 survivors (2048K)
 Metaspace       used 70676K, capacity 72459K, committed 72576K, reserved 1112064K
  class space    used 8802K, capacity 9530K, committed 9600K, reserved 1048576K
}
Event: 57.372 GC heap after
{Heap after GC invocations=36 (full 0):
 garbage-first heap   total 76800K, used 43551K [0x00000000c3e00000, 0x0000000100000000)
  region size 1024K, 1 young (1024K), 1 survivors (1024K)
 Metaspace       used 70676K, capacity 72459K, committed 72576K, reserved 1112064K
  class space    used 8802K, capacity 9530K, committed 9600K, reserved 1048576K
}
Event: 57.375 GC heap before
{Heap before GC invocations=36 (full 0):
 garbage-first heap   total 76800K, used 43551K [0x00000000c3e00000, 0x0000000100000000)
  region size 1024K, 2 young (2048K), 1 survivors (1024K)
 Metaspace       used 70676K, capacity 72459K, committed 72576K, reserved 1112064K
  class space    used 8802K, capacity 9530K, committed 9600K, reserved 1048576K
}
Event: 57.377 GC heap after
{Heap after GC invocations=37 (full 0):
 garbage-first heap   total 76800K, used 43474K [0x00000000c3e00000, 0x0000000100000000)
  region size 1024K, 1 young (1024K), 1 survivors (1024K)
 Metaspace       used 70676K, capacity 72459K, committed 72576K, reserved 1112064K
  class space    used 8802K, capacity 9530K, committed 9600K, reserved 1048576K
}
Event: 57.455 GC heap before
{Heap before GC invocations=37 (full 0):
 garbage-first heap   total 76800K, used 56786K [0x00000000c3e00000, 0x0000000100000000)
  region size 1024K, 14 young (14336K), 1 survivors (1024K)
 Metaspace       used 70683K, capacity 72459K, committed 72576K, reserved 1112064K
  class space    used 8802K, capacity 9530K, committed 9600K, reserved 1048576K
}
Event: 57.481 GC heap after
{Heap after GC invocations=38 (full 0):
 garbage-first heap   total 76800K, used 46292K [0x00000000c3e00000, 0x0000000100000000)
  region size 1024K, 2 young (2048K), 2 survivors (2048K)
 Metaspace       used 70683K, capacity 72459K, committed 72576K, reserved 1112064K
  class space    used 8802K, capacity 9530K, committed 9600K, reserved 1048576K
}
Event: 57.741 GC heap before
{Heap before GC invocations=39 (full 0):
 garbage-first heap   total 76800K, used 57556K [0x00000000c3e00000, 0x0000000100000000)
  region size 1024K, 14 young (14336K), 2 survivors (2048K)
 Metaspace       used 70700K, capacity 72523K, committed 72832K, reserved 1112064K
  class space    used 8802K, capacity 9530K, committed 9600K, reserved 1048576K
}
Event: 57.749 GC heap after
{Heap after GC invocations=40 (full 0):
 garbage-first heap   total 76800K, used 49562K [0x00000000c3e00000, 0x0000000100000000)
  region size 1024K, 2 young (2048K), 2 survivors (2048K)
 Metaspace       used 70700K, capacity 72523K, committed 72832K, reserved 1112064K
  class space    used 8802K, capacity 9530K, committed 9600K, reserved 1048576K
}
Event: 57.850 GC heap before
{Heap before GC invocations=40 (full 0):
 garbage-first heap   total 76800K, used 50586K [0x00000000c3e00000, 0x0000000100000000)
  region size 1024K, 3 young (3072K), 2 survivors (2048K)
 Metaspace       used 70742K, capacity 72559K, committed 72832K, reserved 1112064K
  class space    used 8805K, capacity 9536K, committed 9600K, reserved 1048576K
}
Event: 57.861 GC heap after
{Heap after GC invocations=41 (full 0):
 garbage-first heap   total 76800K, used 41925K [0x00000000c3e00000, 0x0000000100000000)
  region size 1024K, 1 young (1024K), 1 survivors (1024K)
 Metaspace       used 70742K, capacity 72559K, committed 72832K, reserved 1112064K
  class space    used 8805K, capacity 9536K, committed 9600K, reserved 1048576K
}
Event: 58.273 GC heap before
{Heap before GC invocations=41 (full 0):
 garbage-first heap   total 76800K, used 55237K [0x00000000c3e00000, 0x0000000100000000)
  region size 1024K, 14 young (14336K), 1 survivors (1024K)
 Metaspace       used 70770K, capacity 72598K, committed 72832K, reserved 1112064K
  class space    used 8809K, capacity 9543K, committed 9600K, reserved 1048576K
}
Event: 58.284 GC heap after
{Heap after GC invocations=42 (full 0):
 garbage-first heap   total 76800K, used 44762K [0x00000000c3e00000, 0x0000000100000000)
  region size 1024K, 2 young (2048K), 2 survivors (2048K)
 Metaspace       used 70770K, capacity 72598K, committed 72832K, reserved 1112064K
  class space    used 8809K, capacity 9543K, committed 9600K, reserved 1048576K
}
Event: 58.564 GC heap before
{Heap before GC invocations=43 (full 0):
 garbage-first heap   total 76800K, used 57050K [0x00000000c3e00000, 0x0000000100000000)
  region size 1024K, 14 young (14336K), 2 survivors (2048K)
 Metaspace       used 70772K, capacity 72598K, committed 72832K, reserved 1112064K
  class space    used 8809K, capacity 9543K, committed 9600K, reserved 1048576K
}
Event: 58.578 GC heap after
{Heap after GC invocations=44 (full 0):
 garbage-first heap   total 153600K, used 47341K [0x00000000c3e00000, 0x0000000100000000)
  region size 1024K, 2 young (2048K), 2 survivors (2048K)
 Metaspace       used 70772K, capacity 72598K, committed 72832K, reserved 1112064K
  class space    used 8809K, capacity 9543K, committed 9600K, reserved 1048576K
}
Event: 58.895 GC heap before
{Heap before GC invocations=44 (full 0):
 garbage-first heap   total 153600K, used 52461K [0x00000000c3e00000, 0x0000000100000000)
  region size 1024K, 7 young (7168K), 2 survivors (2048K)
 Metaspace       used 70772K, capacity 72598K, committed 72832K, reserved 1112064K
  class space    used 8809K, capacity 9543K, committed 9600K, reserved 1048576K
}
Event: 58.900 GC heap after
{Heap after GC invocations=45 (full 0):
 garbage-first heap   total 153600K, used 44872K [0x00000000c3e00000, 0x0000000100000000)
  region size 1024K, 1 young (1024K), 1 survivors (1024K)
 Metaspace       used 70772K, capacity 72598K, committed 72832K, reserved 1112064K
  class space    used 8809K, capacity 9543K, committed 9600K, reserved 1048576K
}

Deoptimization events (20 events):
Event: 60.552 Thread 0x00000217c8ad4800 Uncommon trap: trap_request=0xfffffff4 fr.pc=0x00000217bb493098 relative=0x0000000000000258
Event: 60.552 Thread 0x00000217c8ad4800 Uncommon trap: reason=null_check action=make_not_entrant pc=0x00000217bb493098 method=org.springframework.util.ClassUtils.isAssignable(Ljava/lang/Class;Ljava/lang/Class;)Z @ 14 c2
Event: 60.552 Thread 0x00000217c8ad4800 DEOPT PACKING pc=0x00000217bb493098 sp=0x0000003e7c7fd6a0
Event: 60.552 Thread 0x00000217c8ad4800 DEOPT UNPACKING pc=0x00000217b38ca1a9 sp=0x0000003e7c7fd630 mode 2
Event: 300.593 Thread 0x00000217cc64b800 Uncommon trap: trap_request=0xffffffbe fr.pc=0x00000217bb7c5438 relative=0x0000000000002858
Event: 300.605 Thread 0x00000217cc64b800 Uncommon trap: reason=profile_predicate action=maybe_recompile pc=0x00000217bb7c5438 method=java.util.TreeMap.put(Ljava/lang/Object;Ljava/lang/Object;)Ljava/lang/Object; @ 55 c2
Event: 300.641 Thread 0x00000217cc64b800 DEOPT PACKING pc=0x00000217bb7c5438 sp=0x0000003e7ccfe8a0
Event: 300.686 Thread 0x00000217cc64b800 DEOPT UNPACKING pc=0x00000217b38ca1a9 sp=0x0000003e7ccfe8b8 mode 2
Event: 300.696 Thread 0x00000217cc64b800 Uncommon trap: trap_request=0xffffffbe fr.pc=0x00000217bb7c5438 relative=0x0000000000002858
Event: 300.696 Thread 0x00000217cc64b800 Uncommon trap: reason=profile_predicate action=maybe_recompile pc=0x00000217bb7c5438 method=java.util.TreeMap.put(Ljava/lang/Object;Ljava/lang/Object;)Ljava/lang/Object; @ 55 c2
Event: 300.696 Thread 0x00000217cc64b800 DEOPT PACKING pc=0x00000217bb7c5438 sp=0x0000003e7ccfe8a0
Event: 300.702 Thread 0x00000217cc64b800 DEOPT UNPACKING pc=0x00000217b38ca1a9 sp=0x0000003e7ccfe8b8 mode 2
Event: 300.727 Thread 0x00000217cc64b800 Uncommon trap: trap_request=0xffffffbe fr.pc=0x00000217bb7c5438 relative=0x0000000000002858
Event: 300.727 Thread 0x00000217cc64b800 Uncommon trap: reason=profile_predicate action=maybe_recompile pc=0x00000217bb7c5438 method=java.util.TreeMap.put(Ljava/lang/Object;Ljava/lang/Object;)Ljava/lang/Object; @ 55 c2
Event: 300.727 Thread 0x00000217cc64b800 DEOPT PACKING pc=0x00000217bb7c5438 sp=0x0000003e7ccfe8a0
Event: 300.730 Thread 0x00000217cc64b800 DEOPT UNPACKING pc=0x00000217b38ca1a9 sp=0x0000003e7ccfe8b8 mode 2
Event: 300.736 Thread 0x00000217cc64b800 Uncommon trap: trap_request=0xffffffbe fr.pc=0x00000217bb7c5438 relative=0x0000000000002858
Event: 300.736 Thread 0x00000217cc64b800 Uncommon trap: reason=profile_predicate action=maybe_recompile pc=0x00000217bb7c5438 method=java.util.TreeMap.put(Ljava/lang/Object;Ljava/lang/Object;)Ljava/lang/Object; @ 55 c2
Event: 300.746 Thread 0x00000217cc64b800 DEOPT PACKING pc=0x00000217bb7c5438 sp=0x0000003e7ccfe8a0
Event: 300.747 Thread 0x00000217cc64b800 DEOPT UNPACKING pc=0x00000217b38ca1a9 sp=0x0000003e7ccfe8b8 mode 2

Classes redefined (0 events):
No events

Internal exceptions (20 events):
Event: 58.087 Thread 0x00000217ce9cc800 Exception <a 'sun/nio/fs/WindowsException'{0x00000000c88fa3e8}> (0x00000000c88fa3e8) thrown at [./src/hotspot/share/prims/jni.cpp, line 617]
Event: 58.087 Thread 0x00000217ce9cc800 Exception <a 'sun/nio/fs/WindowsException'{0x00000000c88facd0}> (0x00000000c88facd0) thrown at [./src/hotspot/share/prims/jni.cpp, line 617]
Event: 58.087 Thread 0x00000217ce9cc800 Exception <a 'sun/nio/fs/WindowsException'{0x00000000c88faf70}> (0x00000000c88faf70) thrown at [./src/hotspot/share/prims/jni.cpp, line 617]
Event: 58.087 Thread 0x00000217ce9cc800 Exception <a 'sun/nio/fs/WindowsException'{0x00000000c88fb878}> (0x00000000c88fb878) thrown at [./src/hotspot/share/prims/jni.cpp, line 617]
Event: 58.087 Thread 0x00000217ce9cc800 Exception <a 'sun/nio/fs/WindowsException'{0x00000000c88fbb38}> (0x00000000c88fbb38) thrown at [./src/hotspot/share/prims/jni.cpp, line 617]
Event: 58.087 Thread 0x00000217ce9cc800 Exception <a 'sun/nio/fs/WindowsException'{0x00000000c88fc450}> (0x00000000c88fc450) thrown at [./src/hotspot/share/prims/jni.cpp, line 617]
Event: 58.087 Thread 0x00000217ce9cc800 Exception <a 'sun/nio/fs/WindowsException'{0x00000000c88fc720}> (0x00000000c88fc720) thrown at [./src/hotspot/share/prims/jni.cpp, line 617]
Event: 58.087 Thread 0x00000217ce9cc800 Exception <a 'sun/nio/fs/WindowsException'{0x00000000c88fd280}> (0x00000000c88fd280) thrown at [./src/hotspot/share/prims/jni.cpp, line 617]
Event: 58.087 Thread 0x00000217ce9cc800 Exception <a 'sun/nio/fs/WindowsException'{0x00000000c88fd550}> (0x00000000c88fd550) thrown at [./src/hotspot/share/prims/jni.cpp, line 617]
Event: 59.725 Thread 0x00000217c8ad4800 Exception <a 'java/lang/NoSuchMethodError'{0x00000000ccb89580}: 'int java.lang.invoke.DirectMethodHandle$Holder.invokeStaticInit(java.lang.Object, java.lang.Object, java.lang.Object, java.lang.Object)'> (0x00000000ccb89580) thrown at [./src/hotspot/share/interpreter/linkResolver.cpp, line 773]
Event: 60.386 Thread 0x00000217c8ad4800 Exception <a 'java/lang/NoSuchMethodError'{0x00000000cc365298}: 'java.lang.Object java.lang.invoke.DirectMethodHandle$Holder.invokeSpecial(java.lang.Object, java.lang.Object, java.lang.Object, int, int, java.lang.Object)'> (0x00000000cc365298) thrown at [./src/hotspot/share/interpreter/linkResolver.cpp, line 773]
Event: 60.389 Thread 0x00000217c8ad4800 Exception <a 'java/lang/NoSuchMethodError'{0x00000000cc36d728}: 'java.lang.Object java.lang.invoke.DirectMethodHandle$Holder.invokeStatic(java.lang.Object, java.lang.Object, java.lang.Object, int, int)'> (0x00000000cc36d728) thrown at [./src/hotspot/share/interpreter/linkResolver.cpp, line 773]
Event: 60.390 Thread 0x00000217c8ad4800 Exception <a 'java/lang/NoSuchMethodError'{0x00000000cc371260}: 'java.lang.Object java.lang.invoke.DirectMethodHandle$Holder.invokeSpecial(java.lang.Object, java.lang.Object, java.lang.Object, java.lang.Object, int, int)'> (0x00000000cc371260) thrown at [./src/hotspot/share/interpreter/linkResolver.cpp, line 773]
Event: 60.390 Thread 0x00000217c8ad4800 Exception <a 'java/lang/NoSuchMethodError'{0x00000000cc374610}: 'java.lang.Object java.lang.invoke.Invokers$Holder.linkToTargetMethod(java.lang.Object, java.lang.Object, int, int, java.lang.Object)'> (0x00000000cc374610) thrown at [./src/hotspot/share/interpreter/linkResolver.cpp, line 773]
Event: 60.420 Thread 0x00000217c8ad4800 Exception <a 'java/lang/IncompatibleClassChangeError'{0x00000000cc3b9130}: Found class java.lang.Object, but interface was expected> (0x00000000cc3b9130) thrown at [./src/hotspot/share/interpreter/linkResolver.cpp, line 839]
Event: 60.552 Thread 0x00000217c8ad4800 Implicit null exception at 0x00000217bb492e5a to 0x00000217bb493084
Event: 60.788 Thread 0x00000217c8ad4800 Exception <a 'java/lang/NoSuchMethodError'{0x00000000cbee95d0}: 'java.lang.Object java.lang.invoke.DirectMethodHandle$Holder.invokeSpecial(java.lang.Object, java.lang.Object, int, java.lang.Object, int, java.lang.Object)'> (0x00000000cbee95d0) thrown at [./src/hotspot/share/interpreter/linkResolver.cpp, line 773]
Event: 60.789 Thread 0x00000217c8ad4800 Exception <a 'java/lang/NoSuchMethodError'{0x00000000cbef0d60}: 'java.lang.Object java.lang.invoke.DirectMethodHandle$Holder.invokeStatic(java.lang.Object, java.lang.Object, int, java.lang.Object, int)'> (0x00000000cbef0d60) thrown at [./src/hotspot/share/interpreter/linkResolver.cpp, line 773]
Event: 60.796 Thread 0x00000217c8ad4800 Exception <a 'java/lang/NoSuchMethodError'{0x00000000cbef4540}: 'java.lang.Object java.lang.invoke.DirectMethodHandle$Holder.invokeSpecial(java.lang.Object, java.lang.Object, java.lang.Object, int, java.lang.Object, int)'> (0x00000000cbef4540) thrown at [./src/hotspot/share/interpreter/linkResolver.cpp, line 773]
Event: 60.799 Thread 0x00000217c8ad4800 Exception <a 'java/lang/NoSuchMethodError'{0x00000000cbefda70}: 'void java.lang.invoke.DirectMethodHandle$Holder.invokeVirtual(java.lang.Object, java.lang.Object)'> (0x00000000cbefda70) thrown at [./src/hotspot/share/interpreter/linkResolver.cpp, line 773]

Events (20 events):
Event: 60.970 loading class java/beans/WeakIdentityMap$Entry
Event: 60.970 loading class java/beans/WeakIdentityMap$Entry done
Event: 60.971 Executing VM operation: RevokeBias
Event: 60.971 Executing VM operation: RevokeBias done
Event: 60.971 loading class org/springframework/boot/devtools/restart/Restarter
Event: 60.971 loading class org/springframework/boot/devtools/restart/Restarter done
Event: 60.972 loading class org/springframework/boot/system/JavaVersion
Event: 60.972 loading class org/springframework/boot/system/JavaVersion done
Event: 60.989 loading class java/util/stream/LongStream
Event: 60.990 loading class java/util/stream/LongStream done
Event: 60.990 loading class java/util/function/ToDoubleFunction
Event: 60.991 loading class java/util/function/ToDoubleFunction done
Event: 60.991 loading class java/util/stream/DoubleStream
Event: 60.992 loading class java/util/stream/DoubleStream done
Event: 60.993 Thread 0x00000217c8b10000 Thread exited: 0x00000217c8b10000
Event: 60.999 Thread 0x00000217ab117000 Thread exited: 0x00000217ab117000
Event: 61.000 Thread 0x00000217cc92f800 Thread added: 0x00000217cc92f800
Event: 61.023 loading class org/apache/coyote/AbstractProtocol
Event: 61.023 loading class org/apache/coyote/AbstractProtocol done
Event: 187.592 Loaded shared library C:\Users\bahbo\.jdks\corretto-11.0.17\bin\java.dll


Dynamic libraries:
0x00007ff62f980000 - 0x00007ff62f98d000 	C:\Users\bahbo\.jdks\corretto-11.0.17\bin\java.exe
0x00007ffe787f0000 - 0x00007ffe78a04000 	C:\WINDOWS\SYSTEM32\ntdll.dll
0x00007ffe77aa0000 - 0x00007ffe77b63000 	C:\WINDOWS\System32\KERNEL32.DLL
0x00007ffe75d60000 - 0x00007ffe760fd000 	C:\WINDOWS\System32\KERNELBASE.dll
0x00007ffe76100000 - 0x00007ffe76211000 	C:\WINDOWS\System32\ucrtbase.dll
0x00007ffe70d10000 - 0x00007ffe70d27000 	C:\Users\bahbo\.jdks\corretto-11.0.17\bin\jli.dll
0x00007ffe78600000 - 0x00007ffe787ad000 	C:\WINDOWS\System32\USER32.dll
0x00007ffe75d30000 - 0x00007ffe75d56000 	C:\WINDOWS\System32\win32u.dll
0x00007ffe78240000 - 0x00007ffe78269000 	C:\WINDOWS\System32\GDI32.dll
0x00007ffe75c10000 - 0x00007ffe75d22000 	C:\WINDOWS\System32\gdi32full.dll
0x00007ffe76400000 - 0x00007ffe7649a000 	C:\WINDOWS\System32\msvcp_win.dll
0x00007ffe57020000 - 0x00007ffe572ae000 	C:\WINDOWS\WinSxS\amd64_microsoft.windows.common-controls_6595b64144ccf1df_6.0.22621.608_none_a9444ca7c10bb01d\COMCTL32.dll
0x00007ffe77990000 - 0x00007ffe77a37000 	C:\WINDOWS\System32\msvcrt.dll
0x00007ffe60800000 - 0x00007ffe60819000 	C:\Users\bahbo\.jdks\corretto-11.0.17\bin\VCRUNTIME140.dll
0x00007ffe76e20000 - 0x00007ffe76e52000 	C:\WINDOWS\System32\IMM32.DLL
0x00007ffe5cc50000 - 0x00007ffe5cceb000 	C:\Users\bahbo\.jdks\corretto-11.0.17\bin\msvcp140.dll
0x00007ffe242c0000 - 0x00007ffe24e45000 	C:\Users\bahbo\.jdks\corretto-11.0.17\bin\server\jvm.dll
0x00007ffe77cb0000 - 0x00007ffe77d5e000 	C:\WINDOWS\System32\ADVAPI32.dll
0x00007ffe77c00000 - 0x00007ffe77ca4000 	C:\WINDOWS\System32\sechost.dll
0x00007ffe771b0000 - 0x00007ffe772c5000 	C:\WINDOWS\System32\RPCRT4.dll
0x00007ffe76e10000 - 0x00007ffe76e18000 	C:\WINDOWS\System32\PSAPI.DLL
0x00007ffe5d2b0000 - 0x00007ffe5d2b9000 	C:\WINDOWS\SYSTEM32\WSOCK32.dll
0x00007ffe78150000 - 0x00007ffe781c1000 	C:\WINDOWS\System32\WS2_32.dll
0x00007ffe6d4b0000 - 0x00007ffe6d4e4000 	C:\WINDOWS\SYSTEM32\WINMM.dll
0x00007ffe6cd20000 - 0x00007ffe6cd2a000 	C:\WINDOWS\SYSTEM32\VERSION.dll
0x00007ffe74c60000 - 0x00007ffe74c78000 	C:\WINDOWS\SYSTEM32\kernel.appcore.dll
0x00007ffe72c50000 - 0x00007ffe72c60000 	C:\Users\bahbo\.jdks\corretto-11.0.17\bin\verify.dll
0x00007ffe73660000 - 0x00007ffe7388e000 	C:\WINDOWS\SYSTEM32\DBGHELP.DLL
0x00007ffe78270000 - 0x00007ffe785fa000 	C:\WINDOWS\System32\combase.dll
0x00007ffe76e60000 - 0x00007ffe76f37000 	C:\WINDOWS\System32\OLEAUT32.dll
0x00007ffe56320000 - 0x00007ffe56352000 	C:\WINDOWS\SYSTEM32\dbgcore.DLL
0x00007ffe76560000 - 0x00007ffe765db000 	C:\WINDOWS\System32\bcryptPrimitives.dll
0x00007ffe5f630000 - 0x00007ffe5f658000 	C:\Users\bahbo\.jdks\corretto-11.0.17\bin\java.dll
0x00007ffe72c10000 - 0x00007ffe72c1a000 	C:\Users\bahbo\.jdks\corretto-11.0.17\bin\jimage.dll
0x00007ffe70d60000 - 0x00007ffe70d6e000 	C:\Users\bahbo\.jdks\corretto-11.0.17\bin\instrument.dll
0x00007ffe60650000 - 0x00007ffe60668000 	C:\Users\bahbo\.jdks\corretto-11.0.17\bin\zip.dll
0x00007ffe765f0000 - 0x00007ffe76ddf000 	C:\WINDOWS\System32\SHELL32.dll
0x00007ffe73c30000 - 0x00007ffe744f8000 	C:\WINDOWS\SYSTEM32\windows.storage.dll
0x00007ffe73af0000 - 0x00007ffe73c2e000 	C:\WINDOWS\SYSTEM32\wintypes.dll
0x00007ffe76f40000 - 0x00007ffe77031000 	C:\WINDOWS\System32\SHCORE.dll
0x00007ffe781d0000 - 0x00007ffe7822e000 	C:\WINDOWS\System32\shlwapi.dll
0x00007ffe75b40000 - 0x00007ffe75b61000 	C:\WINDOWS\SYSTEM32\profapi.dll
0x00007ffe5ef40000 - 0x00007ffe5ef59000 	C:\Users\bahbo\.jdks\corretto-11.0.17\bin\net.dll
0x00007ffe6d900000 - 0x00007ffe6da2f000 	C:\WINDOWS\SYSTEM32\WINHTTP.dll
0x00007ffe750d0000 - 0x00007ffe75139000 	C:\WINDOWS\system32\mswsock.dll
0x00007ffe5cbd0000 - 0x00007ffe5cbe3000 	C:\Users\bahbo\.jdks\corretto-11.0.17\bin\nio.dll
0x00007ffe5cbb0000 - 0x00007ffe5cbca000 	C:\Program Files\JetBrains\IntelliJ IDEA Community Edition 2022.2\bin\breakgen64.dll
0x00007ffe6e850000 - 0x00007ffe6e859000 	C:\Users\bahbo\.jdks\corretto-11.0.17\bin\management.dll
0x00007ffe6e5a0000 - 0x00007ffe6e5ab000 	C:\Users\bahbo\.jdks\corretto-11.0.17\bin\management_ext.dll
0x00007ffe6e110000 - 0x00007ffe6e127000 	C:\WINDOWS\system32\napinsp.dll
0x00007ffe6c460000 - 0x00007ffe6c47b000 	C:\WINDOWS\system32\pnrpnsp.dll
0x00007ffe747c0000 - 0x00007ffe748b2000 	C:\WINDOWS\SYSTEM32\DNSAPI.dll
0x00007ffe74750000 - 0x00007ffe7477d000 	C:\WINDOWS\SYSTEM32\IPHLPAPI.DLL
0x00007ffe76de0000 - 0x00007ffe76de9000 	C:\WINDOWS\System32\NSI.dll
0x00007ffe6b080000 - 0x00007ffe6b091000 	C:\WINDOWS\System32\winrnr.dll
0x00007ffe6ccb0000 - 0x00007ffe6ccc5000 	C:\WINDOWS\system32\wshbth.dll
0x00007ffe5a2c0000 - 0x00007ffe5a2e1000 	C:\WINDOWS\system32\nlansp_c.dll
0x00007ffe5b080000 - 0x00007ffe5b08a000 	C:\Windows\System32\rasadhlp.dll
0x00007ffe6cb80000 - 0x00007ffe6cc03000 	C:\WINDOWS\System32\fwpuclnt.dll
0x00007ffe75320000 - 0x00007ffe7533b000 	C:\WINDOWS\SYSTEM32\CRYPTSP.dll
0x00007ffe74bd0000 - 0x00007ffe74c05000 	C:\WINDOWS\system32\rsaenh.dll
0x00007ffe751c0000 - 0x00007ffe751e8000 	C:\WINDOWS\SYSTEM32\USERENV.dll
0x00007ffe754e0000 - 0x00007ffe75508000 	C:\WINDOWS\SYSTEM32\bcrypt.dll
0x00007ffe75340000 - 0x00007ffe7534c000 	C:\WINDOWS\SYSTEM32\CRYPTBASE.dll
0x00007ffe6d490000 - 0x00007ffe6d4a9000 	C:\WINDOWS\SYSTEM32\dhcpcsvc6.DLL
0x00007ffe6d470000 - 0x00007ffe6d48f000 	C:\WINDOWS\SYSTEM32\dhcpcsvc.DLL
0x00007ffe5a4e0000 - 0x00007ffe5a505000 	C:\Users\bahbo\.jdks\corretto-11.0.17\bin\sunec.dll
0x00007ffe6e0c0000 - 0x00007ffe6e0ce000 	C:\Users\bahbo\.jdks\corretto-11.0.17\bin\sunmscapi.dll
0x00007ffe76290000 - 0x00007ffe763f6000 	C:\WINDOWS\System32\CRYPT32.dll
0x00007ffe754b0000 - 0x00007ffe754dd000 	C:\WINDOWS\SYSTEM32\ncrypt.dll
0x00007ffe75470000 - 0x00007ffe754a7000 	C:\WINDOWS\SYSTEM32\NTASN1.dll

dbghelp: loaded successfully - version: 4.0.5 - missing functions: none
symbol engine: initialized successfully - sym options: 0x614 - pdb path: .;C:\Users\bahbo\.jdks\corretto-11.0.17\bin;C:\WINDOWS\SYSTEM32;C:\WINDOWS\WinSxS\amd64_microsoft.windows.common-controls_6595b64144ccf1df_6.0.22621.608_none_a9444ca7c10bb01d;C:\Users\bahbo\.jdks\corretto-11.0.17\bin\server;C:\Program Files\JetBrains\IntelliJ IDEA Community Edition 2022.2\bin

VM Arguments:
jvm_args: -javaagent:C:\Program Files\JetBrains\IntelliJ IDEA Community Edition 2022.2\lib\idea_rt.jar=64752:C:\Program Files\JetBrains\IntelliJ IDEA Community Edition 2022.2\bin -Dfile.encoding=UTF-8 
java_command: com.bbb.rbnbperso.RbnbpersoApplication
java_class_path (initial): C:\Users\bahbo\Desktop\ProjetRBNB\back\target\classes;C:\Users\bahbo\.m2\repository\org\springframework\boot\spring-boot-starter-data-jdbc\2.7.7\spring-boot-starter-data-jdbc-2.7.7.jar;C:\Users\bahbo\.m2\repository\org\springframework\boot\spring-boot-starter-jdbc\2.7.7\spring-boot-starter-jdbc-2.7.7.jar;C:\Users\bahbo\.m2\repository\com\zaxxer\HikariCP\4.0.3\HikariCP-4.0.3.jar;C:\Users\bahbo\.m2\repository\org\springframework\spring-jdbc\5.3.24\spring-jdbc-5.3.24.jar;C:\Users\bahbo\.m2\repository\org\springframework\data\spring-data-jdbc\2.4.6\spring-data-jdbc-2.4.6.jar;C:\Users\bahbo\.m2\repository\org\springframework\data\spring-data-relational\2.4.6\spring-data-relational-2.4.6.jar;C:\Users\bahbo\.m2\repository\org\springframework\data\spring-data-commons\2.7.6\spring-data-commons-2.7.6.jar;C:\Users\bahbo\.m2\repository\org\springframework\spring-tx\5.3.24\spring-tx-5.3.24.jar;C:\Users\bahbo\.m2\repository\org\springframework\spring-context\5.3.24\spring-context-5.3.24.jar;C:\Users\bahbo\.m2\repository\org\springframework\spring-beans\5.3.24\spring-beans-5.3.24.jar;C:\Users\bahbo\.m2\repository\org\slf4j\slf4j-api\1.7.36\slf4j-api-1.7.36.jar;C:\Users\bahbo\.m2\repository\org\springframework\boot\spring-boot-starter-data-jpa\2.7.7\spring-boot-starter-data-jpa-2.7.7.jar;C:\Users\bahbo\.m2\repository\org\springframework\boot\spring-boot-starter-aop\2.7.7\spring-boot-starter-aop-2.7.7.jar;C:\Users\bahbo\.m2\repository\org\springframework\spring-aop\5.3.24\spring-aop-5.3.24.jar;C:\Users\bahbo\.m2\repository\org\aspectj\aspectjweaver\1.9.7\aspectjweaver-1.9.7.jar;C:\Users\bahbo\.m2\repository\jakarta\transaction\jakarta.transaction-api\1.3.3\jakarta.transaction-api-1.3.3.jar;C:\Users\bahbo\.m2\repository\jakarta\persistence\jakarta.persistence-api\2.2.3\jakarta.persistence-api-2.2.3.jar;C:\Users\bahbo\.m2\repository\org\hibernate\hibernate-core\5.6.14.Final\hibernate-core-5.6.14.Final.jar;C:\Users\bahbo\.m2\repository\org\jboss\logging\jbo
Launcher Type: SUN_STANDARD

[Global flags]
     intx CICompilerCount                          = 3                                         {product} {ergonomic}
     uint ConcGCThreads                            = 1                                         {product} {ergonomic}
     uint G1ConcRefinementThreads                  = 4                                         {product} {ergonomic}
   size_t G1HeapRegionSize                         = 1048576                                   {product} {ergonomic}
    uintx GCDrainStackTargetSize                   = 64                                        {product} {ergonomic}
   size_t InitialHeapSize                          = 65011712                                  {product} {ergonomic}
   size_t MarkStackSize                            = 4194304                                   {product} {ergonomic}
   size_t MaxHeapSize                              = 1008730112                                {product} {ergonomic}
   size_t MaxNewSize                               = 605028352                                 {product} {ergonomic}
   size_t MinHeapDeltaBytes                        = 1048576                                   {product} {ergonomic}
    uintx NonNMethodCodeHeapSize                   = 5830732                                {pd product} {ergonomic}
    uintx NonProfiledCodeHeapSize                  = 122913754                              {pd product} {ergonomic}
    uintx ProfiledCodeHeapSize                     = 122913754                              {pd product} {ergonomic}
    uintx ReservedCodeCacheSize                    = 251658240                              {pd product} {ergonomic}
     bool SegmentedCodeCache                       = true                                      {product} {ergonomic}
     bool UseCompressedClassPointers               = true                                 {lp64_product} {ergonomic}
     bool UseCompressedOops                        = true                                 {lp64_product} {ergonomic}
     bool UseG1GC                                  = true                                      {product} {ergonomic}
     bool UseLargePagesIndividualAllocation        = false                                  {pd product} {ergonomic}

Logging:
Log output configuration:
 #0: stdout all=warning uptime,level,tags
 #1: stderr all=off uptime,level,tags

Environment Variables:
JAVA_HOME=C:\Program Files\Java\jdk1.8.0_202
PATH=C:\Program Files\Eclipse Adoptium\jdk-8.0.345.1-hotspot\bin;C:\Program Files\Java\jdk1.8.0_202\bin;C:\Program Files (x86)\Common Files\Oracle\Java\javapath;C:\Python39\Scripts\;C:\Python39\;C:\WINDOWS\system32;C:\WINDOWS;C:\WINDOWS\System32\Wbem;C:\WINDOWS\System32\WindowsPowerShell\v1.0\;C:\WINDOWS\System32\OpenSSH\;C:\ProgramData\chocolatey\bin;C:\mysql\bin;C:\Program Files\Git\cmd;C:\Program Files\nodejs\;C:\Users\bahbo\AppData\Local\Microsoft\WindowsApps;C:\Users\bahbo\AppData\Local\Programs\Microsoft VS Code\bin;C:\Users\bahbo\AppData\Roaming\npm;
USERNAME=bahbo
OS=Windows_NT
PROCESSOR_IDENTIFIER=Intel64 Family 6 Model 122 Stepping 8, GenuineIntel
TMP=C:\Users\bahbo\AppData\Local\Temp
TEMP=C:\Users\bahbo\AppData\Local\Temp



---------------  S Y S T E M  ---------------

OS: Windows 11 , 64 bit Build 22621 (10.0.22621.1105)
OS uptime: 2 days 1:36 hours

CPU:total 4 (initial active 4) (4 cores per cpu, 1 threads per core) family 6 model 122 stepping 8 microcode 0x1a, cmov, cx8, fxsr, mmx, sse, sse2, sse3, ssse3, sse4.1, sse4.2, popcnt, aes, clmul, erms, 3dnowpref, tsc, tscinvbit, sha

Memory: 4k page, system-wide physical 3843M (161M free)
TotalPageFile size 15619M (AvailPageFile size 0M)
current process WorkingSet (physical memory assigned to process): 14M, peak: 252M
current process commit charge ("private bytes"): 343M, peak: 377M

vm_info: OpenJDK 64-Bit Server VM (11.0.17+8-LTS) for windows-amd64 JRE (11.0.17+8-LTS), built on Oct 14 2022 18:02:01 by "Administrator" with MS VC++ 15.9 (VS2017)

END.
