#
# There is insufficient memory for the Java Runtime Environment to continue.
# Native memory allocation (malloc) failed to allocate 246256 bytes for Chunk::new
# Possible reasons:
#   The system is out of physical RAM or swap space
#   The process is running with CompressedOops enabled, and the Java Heap may be blocking the growth of the native heap
# Possible solutions:
#   Reduce memory load on the system
#   Increase physical memory or swap space
#   Check if swap backing store is full
#   Decrease Java heap size (-Xmx/-Xms)
#   Decrease number of Java threads
#   Decrease Java thread stack sizes (-Xss)
#   Set larger code cache with -XX:ReservedCodeCacheSize=
#   JVM is running with Unscaled Compressed Oops mode in which the Java heap is
#     placed in the first 4GB address space. The Java Heap base address is the
#     maximum limit for the native heap growth. Please use -XX:HeapBaseMinAddress
#     to set the Java Heap base and to place the Java Heap above 4GB virtual address.
# This output file may be truncated or incomplete.
#
#  Out of Memory Error (./src/hotspot/share/memory/arena.cpp:197), pid=53052, tid=35668
#
# JRE version: OpenJDK Runtime Environment Corretto-11.0.17.8.1 (11.0.17+8) (build 11.0.17+8-LTS)
# Java VM: OpenJDK 64-Bit Server VM Corretto-11.0.17.8.1 (11.0.17+8-LTS, mixed mode, tiered, compressed oops, g1 gc, windows-amd64)
# No core dump will be written. Minidumps are not enabled by default on client versions of Windows
#

---------------  S U M M A R Y ------------

Command Line: -javaagent:C:\Program Files\JetBrains\IntelliJ IDEA Community Edition 2022.2\lib\idea_rt.jar=65337:C:\Program Files\JetBrains\IntelliJ IDEA Community Edition 2022.2\bin -Dfile.encoding=UTF-8 com.bbb.rbnbperso.RbnbpersoApplication

Host: Intel(R) Pentium(R) Silver J5040 CPU @ 2.00GHz, 4 cores, 3G,  Windows 10 , 64 bit Build 19041 (10.0.19041.2364)
Time: Thu Jan  5 11:09:53 2023 Paris, Madrid elapsed time: 1779.550281 seconds (0d 0h 29m 39s)

---------------  T H R E A D  ---------------

Current thread (0x000001f671fe4000):  JavaThread "C2 CompilerThread0" daemon [_thread_in_native, id=35668, stack(0x0000003d83b00000,0x0000003d83c00000)]


Current CompileTask:
C2:1779550 6706       4       java.util.regex.Matcher::<init> (95 bytes)

Stack: [0x0000003d83b00000,0x0000003d83c00000]
Native frames: (J=compiled Java code, j=interpreted, Vv=VM code, C=native code)
V  [jvm.dll+0x61f66a]
V  [jvm.dll+0x7ac889]
V  [jvm.dll+0x7adf78]
V  [jvm.dll+0x7ae653]
V  [jvm.dll+0x24fbe8]
V  [jvm.dll+0xc262c]
V  [jvm.dll+0xc2bec]
V  [jvm.dll+0x359ff2]
V  [jvm.dll+0x325fc3]
V  [jvm.dll+0x3252fa]
V  [jvm.dll+0x209083]
V  [jvm.dll+0x20818d]
V  [jvm.dll+0x18a3c1]
V  [jvm.dll+0x217894]
V  [jvm.dll+0x215adb]
V  [jvm.dll+0x76f380]
V  [jvm.dll+0x7682b4]
V  [jvm.dll+0x61e4d5]
C  [ucrtbase.dll+0x21bb2]
C  [KERNEL32.DLL+0x17614]
C  [ntdll.dll+0x526a1]


---------------  P R O C E S S  ---------------

Threads class SMR info:
_java_thread_list=0x000001f676cf7710, length=32, elements={
0x000001f671f80800, 0x000001f671f8a000, 0x000001f671fd9800, 0x000001f671fdc800,
0x000001f671fde000, 0x000001f671fe4000, 0x000001f671fec800, 0x000001f671ff1000,
0x000001f672288800, 0x000001f672407800, 0x000001f67552e800, 0x000001f675fc6000,
0x000001f675991000, 0x000001f6753c2000, 0x000001f672c13000, 0x000001f672c16000,
0x000001f672c10800, 0x000001f672c17000, 0x000001f672c15800, 0x000001f672c13800,
0x000001f672c14800, 0x000001f672c11000, 0x000001f672c12000, 0x000001f679654800,
0x000001f679659800, 0x000001f679657800, 0x000001f67965a000, 0x000001f679656000,
0x000001f679655000, 0x000001f679658800, 0x000001f67965b000, 0x000001f67965c000
}

Java Threads: ( => current thread )
  0x000001f671f80800 JavaThread "Reference Handler" daemon [_thread_blocked, id=6628, stack(0x0000003d83600000,0x0000003d83700000)]
  0x000001f671f8a000 JavaThread "Finalizer" daemon [_thread_blocked, id=40276, stack(0x0000003d83700000,0x0000003d83800000)]
  0x000001f671fd9800 JavaThread "Signal Dispatcher" daemon [_thread_blocked, id=38384, stack(0x0000003d83800000,0x0000003d83900000)]
  0x000001f671fdc800 JavaThread "Attach Listener" daemon [_thread_blocked, id=51660, stack(0x0000003d83900000,0x0000003d83a00000)]
  0x000001f671fde000 JavaThread "Service Thread" daemon [_thread_blocked, id=50820, stack(0x0000003d83a00000,0x0000003d83b00000)]
=>0x000001f671fe4000 JavaThread "C2 CompilerThread0" daemon [_thread_in_native, id=35668, stack(0x0000003d83b00000,0x0000003d83c00000)]
  0x000001f671fec800 JavaThread "C1 CompilerThread0" daemon [_thread_blocked, id=44036, stack(0x0000003d83c00000,0x0000003d83d00000)]
  0x000001f671ff1000 JavaThread "Sweeper thread" daemon [_thread_blocked, id=50468, stack(0x0000003d83d00000,0x0000003d83e00000)]
  0x000001f672288800 JavaThread "Common-Cleaner" daemon [_thread_blocked, id=27280, stack(0x0000003d83e00000,0x0000003d83f00000)]
  0x000001f672407800 JavaThread "Monitor Ctrl-Break" daemon [_thread_in_native, id=36512, stack(0x0000003d83f00000,0x0000003d84000000)]
  0x000001f67552e800 JavaThread "Catalina-utility-1" [_thread_blocked, id=55920, stack(0x0000003d84600000,0x0000003d84700000)]
  0x000001f675fc6000 JavaThread "Catalina-utility-2" [_thread_blocked, id=48372, stack(0x0000003d84700000,0x0000003d84800000)]
  0x000001f675991000 JavaThread "container-0" [_thread_blocked, id=53000, stack(0x0000003d84800000,0x0000003d84900000)]
  0x000001f6753c2000 JavaThread "mysql-cj-abandoned-connection-cleanup" daemon [_thread_blocked, id=12684, stack(0x0000003d84900000,0x0000003d84a00000)]
  0x000001f672c13000 JavaThread "HikariPool-1 housekeeper" daemon [_thread_blocked, id=51604, stack(0x0000003d84b00000,0x0000003d84c00000)]
  0x000001f672c16000 JavaThread "File Watcher" daemon [_thread_blocked, id=48004, stack(0x0000003d84c00000,0x0000003d84d00000)]
  0x000001f672c10800 JavaThread "Live Reload Server" daemon [_thread_in_native, id=54216, stack(0x0000003d84e00000,0x0000003d84f00000)]
  0x000001f672c17000 JavaThread "http-nio-8081-exec-1" daemon [_thread_blocked, id=56572, stack(0x0000003d84d00000,0x0000003d84e00000)]
  0x000001f672c15800 JavaThread "http-nio-8081-exec-2" daemon [_thread_blocked, id=52128, stack(0x0000003d84f00000,0x0000003d85000000)]
  0x000001f672c13800 JavaThread "http-nio-8081-exec-3" daemon [_thread_blocked, id=33664, stack(0x0000003d85000000,0x0000003d85100000)]
  0x000001f672c14800 JavaThread "http-nio-8081-exec-4" daemon [_thread_blocked, id=12608, stack(0x0000003d85100000,0x0000003d85200000)]
  0x000001f672c11000 JavaThread "http-nio-8081-exec-5" daemon [_thread_blocked, id=55884, stack(0x0000003d85200000,0x0000003d85300000)]
  0x000001f672c12000 JavaThread "http-nio-8081-exec-6" daemon [_thread_blocked, id=7580, stack(0x0000003d85300000,0x0000003d85400000)]
  0x000001f679654800 JavaThread "http-nio-8081-exec-7" daemon [_thread_blocked, id=23740, stack(0x0000003d85400000,0x0000003d85500000)]
  0x000001f679659800 JavaThread "http-nio-8081-exec-8" daemon [_thread_blocked, id=48284, stack(0x0000003d85500000,0x0000003d85600000)]
  0x000001f679657800 JavaThread "http-nio-8081-exec-9" daemon [_thread_blocked, id=35500, stack(0x0000003d85600000,0x0000003d85700000)]
  0x000001f67965a000 JavaThread "http-nio-8081-exec-10" daemon [_thread_blocked, id=20700, stack(0x0000003d85700000,0x0000003d85800000)]
  0x000001f679656000 JavaThread "http-nio-8081-Poller" daemon [_thread_in_native, id=42216, stack(0x0000003d85800000,0x0000003d85900000)]
  0x000001f679655000 JavaThread "http-nio-8081-Acceptor" daemon [_thread_in_native, id=48652, stack(0x0000003d85900000,0x0000003d85a00000)]
  0x000001f679658800 JavaThread "DestroyJavaVM" [_thread_blocked, id=45908, stack(0x0000003d82f00000,0x0000003d83000000)]
  0x000001f67965b000 JavaThread "HikariPool-1 connection closer" daemon [_thread_in_vm, id=46704, stack(0x0000003d82c00000,0x0000003d82d00000)]
  0x000001f67965c000 JavaThread "HikariPool-1 connection adder" daemon [_thread_blocked, id=57064, stack(0x0000003d82d00000,0x0000003d82e00000)]

Other Threads:
  0x000001f671f5a800 VMThread "VM Thread" [stack: 0x0000003d83500000,0x0000003d83600000] [id=54176]
  0x000001f67251d800 WatcherThread [stack: 0x0000003d84000000,0x0000003d84100000] [id=53772]
  0x000001f653890000 GCTaskThread "GC Thread#0" [stack: 0x0000003d83000000,0x0000003d83100000] [id=53760]
  0x000001f672a76000 GCTaskThread "GC Thread#1" [stack: 0x0000003d84100000,0x0000003d84200000] [id=53576]
  0x000001f673262800 GCTaskThread "GC Thread#2" [stack: 0x0000003d84400000,0x0000003d84500000] [id=49408]
  0x000001f673263800 GCTaskThread "GC Thread#3" [stack: 0x0000003d84500000,0x0000003d84600000] [id=53280]
  0x000001f6538a9000 ConcurrentGCThread "G1 Main Marker" [stack: 0x0000003d83100000,0x0000003d83200000] [id=44576]
  0x000001f6538aa800 ConcurrentGCThread "G1 Conc#0" [stack: 0x0000003d83200000,0x0000003d83300000] [id=54204]
  0x000001f6538f2800 ConcurrentGCThread "G1 Refine#0" [stack: 0x0000003d83300000,0x0000003d83400000] [id=47884]
  0x000001f6538f3800 ConcurrentGCThread "G1 Young RemSet Sampling" [stack: 0x0000003d83400000,0x0000003d83500000] [id=46304]

Threads with active compile tasks:
C2 CompilerThread0  1779658 6706       4       java.util.regex.Matcher::<init> (95 bytes)
C1 CompilerThread0  1779658 6714       3       java.util.regex.CharPredicates$$Lambda$639/0x0000000100451840::is (5 bytes)

VM state:not at safepoint (normal execution)

VM Mutex/Monitor currently owned by a thread: None

Heap address: 0x00000000c3e00000, size: 962 MB, Compressed Oops mode: 32-bit
Narrow klass base: 0x0000000000000000, Narrow klass shift: 3
Compressed class space size: 1073741824 Address: 0x0000000100000000

Heap:
 garbage-first heap   total 110592K, used 62490K [0x00000000c3e00000, 0x0000000100000000)
  region size 1024K, 13 young (13312K), 1 survivors (1024K)
 Metaspace       used 73613K, capacity 75523K, committed 75868K, reserved 1116160K
  class space    used 9063K, capacity 9819K, committed 9936K, reserved 1048576K
Heap Regions: E=young(eden), S=young(survivor), O=old, HS=humongous(starts), HC=humongous(continues), CS=collection set, F=free, A=archive, TAMS=top-at-mark-start (previous, next)
|   0|0x00000000c3e00000, 0x00000000c3f00000, 0x00000000c3f00000|100%|HS|  |TAMS 0x00000000c3f00000, 0x00000000c3e00000| Complete 
|   1|0x00000000c3f00000, 0x00000000c4000000, 0x00000000c4000000|100%| O|  |TAMS 0x00000000c4000000, 0x00000000c3f00000| Untracked 
|   2|0x00000000c4000000, 0x00000000c4100000, 0x00000000c4100000|100%| O|  |TAMS 0x00000000c4100000, 0x00000000c4000000| Untracked 
|   3|0x00000000c4100000, 0x00000000c4200000, 0x00000000c4200000|100%| O|  |TAMS 0x00000000c4200000, 0x00000000c4100000| Untracked 
|   4|0x00000000c4200000, 0x00000000c4300000, 0x00000000c4300000|100%| O|  |TAMS 0x00000000c4300000, 0x00000000c4200000| Untracked 
|   5|0x00000000c4300000, 0x00000000c4400000, 0x00000000c4400000|100%| O|  |TAMS 0x00000000c4400000, 0x00000000c4300000| Untracked 
|   6|0x00000000c4400000, 0x00000000c4500000, 0x00000000c4500000|100%| O|  |TAMS 0x00000000c4500000, 0x00000000c4400000| Untracked 
|   7|0x00000000c4500000, 0x00000000c4600000, 0x00000000c4600000|100%| O|  |TAMS 0x00000000c4600000, 0x00000000c4500000| Untracked 
|   8|0x00000000c4600000, 0x00000000c4700000, 0x00000000c4700000|100%| O|  |TAMS 0x00000000c4700000, 0x00000000c4600000| Untracked 
|   9|0x00000000c4700000, 0x00000000c4800000, 0x00000000c4800000|100%| O|  |TAMS 0x00000000c4800000, 0x00000000c4700000| Untracked 
|  10|0x00000000c4800000, 0x00000000c4900000, 0x00000000c4900000|100%| O|  |TAMS 0x00000000c4900000, 0x00000000c4800000| Untracked 
|  11|0x00000000c4900000, 0x00000000c4a00000, 0x00000000c4a00000|100%| O|  |TAMS 0x00000000c4a00000, 0x00000000c4900000| Untracked 
|  12|0x00000000c4a00000, 0x00000000c4b00000, 0x00000000c4b00000|100%| O|  |TAMS 0x00000000c4b00000, 0x00000000c4a00000| Untracked 
|  13|0x00000000c4b00000, 0x00000000c4c00000, 0x00000000c4c00000|100%| O|  |TAMS 0x00000000c4c00000, 0x00000000c4b00000| Untracked 
|  14|0x00000000c4c00000, 0x00000000c4d00000, 0x00000000c4d00000|100%| O|  |TAMS 0x00000000c4d00000, 0x00000000c4c00000| Untracked 
|  15|0x00000000c4d00000, 0x00000000c4e00000, 0x00000000c4e00000|100%| O|  |TAMS 0x00000000c4e00000, 0x00000000c4d00000| Untracked 
|  16|0x00000000c4e00000, 0x00000000c4f00000, 0x00000000c4f00000|100%| O|  |TAMS 0x00000000c4f00000, 0x00000000c4e00000| Untracked 
|  17|0x00000000c4f00000, 0x00000000c5000000, 0x00000000c5000000|100%| O|  |TAMS 0x00000000c5000000, 0x00000000c4f00000| Untracked 
|  18|0x00000000c5000000, 0x00000000c5100000, 0x00000000c5100000|100%| O|  |TAMS 0x00000000c5100000, 0x00000000c5000000| Untracked 
|  19|0x00000000c5100000, 0x00000000c5200000, 0x00000000c5200000|100%| O|  |TAMS 0x00000000c5200000, 0x00000000c5100000| Untracked 
|  20|0x00000000c5200000, 0x00000000c5300000, 0x00000000c5300000|100%| O|  |TAMS 0x00000000c5300000, 0x00000000c5200000| Untracked 
|  21|0x00000000c5300000, 0x00000000c5400000, 0x00000000c5400000|100%| O|  |TAMS 0x00000000c5400000, 0x00000000c5300000| Untracked 
|  22|0x00000000c5400000, 0x00000000c5500000, 0x00000000c5500000|100%| O|  |TAMS 0x00000000c5500000, 0x00000000c5400000| Untracked 
|  23|0x00000000c5500000, 0x00000000c5600000, 0x00000000c5600000|100%| O|  |TAMS 0x00000000c5600000, 0x00000000c5500000| Untracked 
|  24|0x00000000c5600000, 0x00000000c5700000, 0x00000000c5700000|100%| O|  |TAMS 0x00000000c5600000, 0x00000000c5600000| Untracked 
|  25|0x00000000c5700000, 0x00000000c5800000, 0x00000000c5800000|100%| O|  |TAMS 0x00000000c5800000, 0x00000000c5700000| Untracked 
|  26|0x00000000c5800000, 0x00000000c5900000, 0x00000000c5900000|100%| O|  |TAMS 0x00000000c5900000, 0x00000000c5800000| Untracked 
|  27|0x00000000c5900000, 0x00000000c5a00000, 0x00000000c5a00000|100%| O|  |TAMS 0x00000000c5a00000, 0x00000000c5900000| Untracked 
|  28|0x00000000c5a00000, 0x00000000c5b00000, 0x00000000c5b00000|100%| O|  |TAMS 0x00000000c5b00000, 0x00000000c5a00000| Untracked 
|  29|0x00000000c5b00000, 0x00000000c5c00000, 0x00000000c5c00000|100%| O|  |TAMS 0x00000000c5c00000, 0x00000000c5b00000| Untracked 
|  30|0x00000000c5c00000, 0x00000000c5d00000, 0x00000000c5d00000|100%| O|  |TAMS 0x00000000c5c00000, 0x00000000c5c00000| Untracked 
|  31|0x00000000c5d00000, 0x00000000c5e00000, 0x00000000c5e00000|100%| O|  |TAMS 0x00000000c5e00000, 0x00000000c5d00000| Untracked 
|  32|0x00000000c5e00000, 0x00000000c5f00000, 0x00000000c5f00000|100%| O|  |TAMS 0x00000000c5f00000, 0x00000000c5e00000| Untracked 
|  33|0x00000000c5f00000, 0x00000000c6000000, 0x00000000c6000000|100%| O|  |TAMS 0x00000000c6000000, 0x00000000c5f00000| Untracked 
|  34|0x00000000c6000000, 0x00000000c6100000, 0x00000000c6100000|100%| O|  |TAMS 0x00000000c6000000, 0x00000000c6000000| Untracked 
|  35|0x00000000c6100000, 0x00000000c6200000, 0x00000000c6200000|100%| O|  |TAMS 0x00000000c61d9c00, 0x00000000c6100000| Untracked 
|  36|0x00000000c6200000, 0x00000000c6300000, 0x00000000c6300000|100%|HS|  |TAMS 0x00000000c6200000, 0x00000000c6200000| Complete 
|  37|0x00000000c6300000, 0x00000000c6400000, 0x00000000c6400000|100%| O|  |TAMS 0x00000000c6300000, 0x00000000c6300000| Untracked 
|  38|0x00000000c6400000, 0x00000000c6500000, 0x00000000c6500000|100%| O|  |TAMS 0x00000000c6400000, 0x00000000c6400000| Untracked 
|  39|0x00000000c6500000, 0x00000000c6600000, 0x00000000c6600000|100%| O|  |TAMS 0x00000000c6500000, 0x00000000c6500000| Untracked 
|  40|0x00000000c6600000, 0x00000000c6700000, 0x00000000c6700000|100%| O|  |TAMS 0x00000000c6600000, 0x00000000c6600000| Untracked 
|  41|0x00000000c6700000, 0x00000000c6800000, 0x00000000c6800000|100%| O|  |TAMS 0x00000000c6700000, 0x00000000c6700000| Untracked 
|  42|0x00000000c6800000, 0x00000000c6900000, 0x00000000c6900000|100%| O|  |TAMS 0x00000000c6800000, 0x00000000c6800000| Untracked 
|  43|0x00000000c6900000, 0x00000000c6a00000, 0x00000000c6a00000|100%| O|  |TAMS 0x00000000c6a00000, 0x00000000c6900000| Untracked 
|  44|0x00000000c6a00000, 0x00000000c6b00000, 0x00000000c6b00000|100%| O|  |TAMS 0x00000000c6b00000, 0x00000000c6a00000| Untracked 
|  45|0x00000000c6b00000, 0x00000000c6c00000, 0x00000000c6c00000|100%| O|  |TAMS 0x00000000c6b00000, 0x00000000c6b00000| Untracked 
|  46|0x00000000c6c00000, 0x00000000c6d00000, 0x00000000c6d00000|100%| O|  |TAMS 0x00000000c6c00000, 0x00000000c6c00000| Untracked 
|  47|0x00000000c6d00000, 0x00000000c6e00000, 0x00000000c6e00000|100%| O|  |TAMS 0x00000000c6d00000, 0x00000000c6d00000| Untracked 
|  48|0x00000000c6e00000, 0x00000000c6f00000, 0x00000000c6f00000|100%| O|  |TAMS 0x00000000c6e00000, 0x00000000c6e00000| Untracked 
|  49|0x00000000c6f00000, 0x00000000c6f26400, 0x00000000c7000000| 14%| O|  |TAMS 0x00000000c6f00000, 0x00000000c6f00000| Untracked 
|  50|0x00000000c7000000, 0x00000000c7000000, 0x00000000c7100000|  0%| F|  |TAMS 0x00000000c7000000, 0x00000000c7000000| Untracked 
|  51|0x00000000c7100000, 0x00000000c7100000, 0x00000000c7200000|  0%| F|  |TAMS 0x00000000c7100000, 0x00000000c7100000| Untracked 
|  52|0x00000000c7200000, 0x00000000c7200000, 0x00000000c7300000|  0%| F|  |TAMS 0x00000000c7200000, 0x00000000c7200000| Untracked 
|  53|0x00000000c7300000, 0x00000000c7300000, 0x00000000c7400000|  0%| F|  |TAMS 0x00000000c7300000, 0x00000000c7300000| Untracked 
|  54|0x00000000c7400000, 0x00000000c7400000, 0x00000000c7500000|  0%| F|  |TAMS 0x00000000c7400000, 0x00000000c7400000| Untracked 
|  55|0x00000000c7500000, 0x00000000c7500000, 0x00000000c7600000|  0%| F|  |TAMS 0x00000000c7500000, 0x00000000c7500000| Untracked 
|  56|0x00000000c7600000, 0x00000000c7600000, 0x00000000c7700000|  0%| F|  |TAMS 0x00000000c7600000, 0x00000000c7600000| Untracked 
|  57|0x00000000c7700000, 0x00000000c7700000, 0x00000000c7800000|  0%| F|  |TAMS 0x00000000c7700000, 0x00000000c7700000| Untracked 
|  58|0x00000000c7800000, 0x00000000c7800000, 0x00000000c7900000|  0%| F|  |TAMS 0x00000000c7800000, 0x00000000c7800000| Untracked 
|  59|0x00000000c7900000, 0x00000000c7900000, 0x00000000c7a00000|  0%| F|  |TAMS 0x00000000c7900000, 0x00000000c7900000| Untracked 
|  60|0x00000000c7a00000, 0x00000000c7a00000, 0x00000000c7b00000|  0%| F|  |TAMS 0x00000000c7a00000, 0x00000000c7a00000| Untracked 
|  61|0x00000000c7b00000, 0x00000000c7b00000, 0x00000000c7c00000|  0%| F|  |TAMS 0x00000000c7b00000, 0x00000000c7b00000| Untracked 
|  62|0x00000000c7c00000, 0x00000000c7c00000, 0x00000000c7d00000|  0%| F|  |TAMS 0x00000000c7c00000, 0x00000000c7c00000| Untracked 
|  63|0x00000000c7d00000, 0x00000000c7d00000, 0x00000000c7e00000|  0%| F|  |TAMS 0x00000000c7d00000, 0x00000000c7d00000| Untracked 
|  64|0x00000000c7e00000, 0x00000000c7e00000, 0x00000000c7f00000|  0%| F|  |TAMS 0x00000000c7e00000, 0x00000000c7e00000| Untracked 
|  65|0x00000000c7f00000, 0x00000000c7f00000, 0x00000000c8000000|  0%| F|  |TAMS 0x00000000c7f00000, 0x00000000c7f00000| Untracked 
|  66|0x00000000c8000000, 0x00000000c8000000, 0x00000000c8100000|  0%| F|  |TAMS 0x00000000c8000000, 0x00000000c8000000| Untracked 
|  67|0x00000000c8100000, 0x00000000c8100000, 0x00000000c8200000|  0%| F|  |TAMS 0x00000000c8100000, 0x00000000c8100000| Untracked 
|  68|0x00000000c8200000, 0x00000000c8200000, 0x00000000c8300000|  0%| F|  |TAMS 0x00000000c8200000, 0x00000000c8200000| Untracked 
|  69|0x00000000c8300000, 0x00000000c8300000, 0x00000000c8400000|  0%| F|  |TAMS 0x00000000c8300000, 0x00000000c8300000| Untracked 
|  70|0x00000000c8400000, 0x00000000c8400000, 0x00000000c8500000|  0%| F|  |TAMS 0x00000000c8400000, 0x00000000c8400000| Untracked 
|  71|0x00000000c8500000, 0x00000000c8500000, 0x00000000c8600000|  0%| F|  |TAMS 0x00000000c8500000, 0x00000000c8500000| Untracked 
|  72|0x00000000c8600000, 0x00000000c8600000, 0x00000000c8700000|  0%| F|  |TAMS 0x00000000c8600000, 0x00000000c8600000| Untracked 
|  73|0x00000000c8700000, 0x00000000c8700000, 0x00000000c8800000|  0%| F|  |TAMS 0x00000000c8700000, 0x00000000c8700000| Untracked 
|  74|0x00000000c8800000, 0x00000000c8800000, 0x00000000c8900000|  0%| F|  |TAMS 0x00000000c8800000, 0x00000000c8800000| Untracked 
|  75|0x00000000c8900000, 0x00000000c8900000, 0x00000000c8a00000|  0%| F|  |TAMS 0x00000000c8900000, 0x00000000c8900000| Untracked 
|  76|0x00000000c8a00000, 0x00000000c8a00000, 0x00000000c8b00000|  0%| F|  |TAMS 0x00000000c8a00000, 0x00000000c8a00000| Untracked 
|  77|0x00000000c8b00000, 0x00000000c8b00000, 0x00000000c8c00000|  0%| F|  |TAMS 0x00000000c8b00000, 0x00000000c8b00000| Untracked 
|  78|0x00000000c8c00000, 0x00000000c8c00000, 0x00000000c8d00000|  0%| F|  |TAMS 0x00000000c8c00000, 0x00000000c8c00000| Untracked 
|  79|0x00000000c8d00000, 0x00000000c8d00000, 0x00000000c8e00000|  0%| F|  |TAMS 0x00000000c8d00000, 0x00000000c8d00000| Untracked 
|  80|0x00000000c8e00000, 0x00000000c8e00000, 0x00000000c8f00000|  0%| F|  |TAMS 0x00000000c8e00000, 0x00000000c8e00000| Untracked 
|  81|0x00000000c8f00000, 0x00000000c8fe0660, 0x00000000c9000000| 87%| S|CS|TAMS 0x00000000c8f00000, 0x00000000c8f00000| Complete 
|  82|0x00000000c9000000, 0x00000000c9000000, 0x00000000c9100000|  0%| F|  |TAMS 0x00000000c9000000, 0x00000000c9000000| Untracked 
|  83|0x00000000c9100000, 0x00000000c9100000, 0x00000000c9200000|  0%| F|  |TAMS 0x00000000c9100000, 0x00000000c9100000| Untracked 
|  84|0x00000000c9200000, 0x00000000c9200000, 0x00000000c9300000|  0%| F|  |TAMS 0x00000000c9200000, 0x00000000c9200000| Untracked 
|  85|0x00000000c9300000, 0x00000000c9300000, 0x00000000c9400000|  0%| F|  |TAMS 0x00000000c9300000, 0x00000000c9300000| Untracked 
|  86|0x00000000c9400000, 0x00000000c9400000, 0x00000000c9500000|  0%| F|  |TAMS 0x00000000c9400000, 0x00000000c9400000| Untracked 
|  87|0x00000000c9500000, 0x00000000c9500000, 0x00000000c9600000|  0%| F|  |TAMS 0x00000000c9500000, 0x00000000c9500000| Untracked 
|  88|0x00000000c9600000, 0x00000000c9600000, 0x00000000c9700000|  0%| F|  |TAMS 0x00000000c9600000, 0x00000000c9600000| Untracked 
|  89|0x00000000c9700000, 0x00000000c9700000, 0x00000000c9800000|  0%| F|  |TAMS 0x00000000c9700000, 0x00000000c9700000| Untracked 
|  90|0x00000000c9800000, 0x00000000c9800000, 0x00000000c9900000|  0%| F|  |TAMS 0x00000000c9800000, 0x00000000c9800000| Untracked 
|  91|0x00000000c9900000, 0x00000000c9900000, 0x00000000c9a00000|  0%| F|  |TAMS 0x00000000c9900000, 0x00000000c9900000| Untracked 
|  92|0x00000000c9a00000, 0x00000000c9a00000, 0x00000000c9b00000|  0%| F|  |TAMS 0x00000000c9a00000, 0x00000000c9a00000| Untracked 
|  93|0x00000000c9b00000, 0x00000000c9b00000, 0x00000000c9c00000|  0%| F|  |TAMS 0x00000000c9b00000, 0x00000000c9b00000| Untracked 
|  94|0x00000000c9c00000, 0x00000000c9c00000, 0x00000000c9d00000|  0%| F|  |TAMS 0x00000000c9c00000, 0x00000000c9c00000| Untracked 
|  95|0x00000000c9d00000, 0x00000000c9d00000, 0x00000000c9e00000|  0%| F|  |TAMS 0x00000000c9d00000, 0x00000000c9d00000| Untracked 
|  96|0x00000000c9e00000, 0x00000000c9ed5c98, 0x00000000c9f00000| 83%| E|  |TAMS 0x00000000c9e00000, 0x00000000c9e00000| Complete 
|  97|0x00000000c9f00000, 0x00000000ca000000, 0x00000000ca000000|100%| E|CS|TAMS 0x00000000c9f00000, 0x00000000c9f00000| Complete 
|  98|0x00000000ca000000, 0x00000000ca100000, 0x00000000ca100000|100%| E|CS|TAMS 0x00000000ca000000, 0x00000000ca000000| Complete 
|  99|0x00000000ca100000, 0x00000000ca200000, 0x00000000ca200000|100%| E|CS|TAMS 0x00000000ca100000, 0x00000000ca100000| Complete 
| 100|0x00000000ca200000, 0x00000000ca300000, 0x00000000ca300000|100%| E|CS|TAMS 0x00000000ca200000, 0x00000000ca200000| Complete 
| 101|0x00000000ca300000, 0x00000000ca400000, 0x00000000ca400000|100%| E|CS|TAMS 0x00000000ca300000, 0x00000000ca300000| Complete 
| 102|0x00000000ca400000, 0x00000000ca500000, 0x00000000ca500000|100%| E|CS|TAMS 0x00000000ca400000, 0x00000000ca400000| Complete 
| 103|0x00000000ca500000, 0x00000000ca600000, 0x00000000ca600000|100%| E|CS|TAMS 0x00000000ca500000, 0x00000000ca500000| Complete 
| 104|0x00000000ca600000, 0x00000000ca700000, 0x00000000ca700000|100%| E|CS|TAMS 0x00000000ca600000, 0x00000000ca600000| Complete 
| 105|0x00000000ca700000, 0x00000000ca800000, 0x00000000ca800000|100%| E|CS|TAMS 0x00000000ca700000, 0x00000000ca700000| Complete 
| 106|0x00000000ca800000, 0x00000000ca900000, 0x00000000ca900000|100%| E|CS|TAMS 0x00000000ca800000, 0x00000000ca800000| Complete 
| 107|0x00000000ca900000, 0x00000000caa00000, 0x00000000caa00000|100%| E|CS|TAMS 0x00000000ca900000, 0x00000000ca900000| Complete 

Card table byte_map: [0x000001f66cfd0000,0x000001f66d1c0000] _byte_map_base: 0x000001f66c9b1000

Marking Bits (Prev, Next): (CMBitMap*) 0x000001f6538a4698, (CMBitMap*) 0x000001f6538a46d0
 Prev Bits: [0x000001f66d3b0000, 0x000001f66e2b8000)
 Next Bits: [0x000001f66e2c0000, 0x000001f66f1c8000)

Polling page: 0x000001f653720000

Metaspace:

Usage:
  Non-class:     64.16 MB capacity,    63.04 MB ( 98%) used,   909.29 KB (  1%) free+waste,   244.75 KB ( <1%) overhead. 
      Class:      9.59 MB capacity,     8.85 MB ( 92%) used,   641.45 KB (  7%) free+waste,   114.00 KB (  1%) overhead. 
       Both:     73.75 MB capacity,    71.89 MB ( 97%) used,     1.51 MB (  2%) free+waste,   358.75 KB ( <1%) overhead. 

Virtual space:
  Non-class space:       66.00 MB reserved,      64.39 MB ( 98%) committed 
      Class space:        1.00 GB reserved,       9.70 MB ( <1%) committed 
             Both:        1.06 GB reserved,      74.09 MB (  7%) committed 

Chunk freelists:
   Non-Class:  36.00 KB
       Class:  5.00 KB
        Both:  41.00 KB

MaxMetaspaceSize: 17179869184.00 GB
CompressedClassSpaceSize: 1.00 GB
Initial GC threshold: 20.80 MB
Current GC threshold: 112.03 MB
CDS: off

CodeHeap 'non-profiled nmethods': size=120064Kb used=4095Kb max_used=4095Kb free=115968Kb
 bounds [0x000001f665280000, 0x000001f665680000, 0x000001f66c7c0000]
CodeHeap 'profiled nmethods': size=120000Kb used=15083Kb max_used=15083Kb free=104916Kb
 bounds [0x000001f65dd50000, 0x000001f65ec10000, 0x000001f665280000]
CodeHeap 'non-nmethods': size=5696Kb used=1328Kb max_used=1381Kb free=4367Kb
 bounds [0x000001f65d7c0000, 0x000001f65da30000, 0x000001f65dd50000]
 total_blobs=7214 nmethods=6581 adapters=545
 compilation: enabled
              stopped_count=0, restarted_count=0
 full_count=0

Compilation events (20 events):
Event: 1779.305 Thread 0x000001f671fec800 6703       3       com.mysql.cj.conf.AbstractRuntimeProperty::initializeFrom (108 bytes)
Event: 1779.322 Thread 0x000001f671fec800 nmethod 6703 0x000001f65ec04a10 code [0x000001f65ec04cc0, 0x000001f65ec061d8]
Event: 1779.322 Thread 0x000001f671fec800 6705       3       java.lang.StringCoding::decode (112 bytes)
Event: 1779.323 Thread 0x000001f671fe4000 nmethod 6704 0x000001f66567f710 code [0x000001f66567f8a0, 0x000001f66567f998]
Event: 1779.337 Thread 0x000001f671fec800 nmethod 6705 0x000001f65ec06610 code [0x000001f65ec06900, 0x000001f65ec07878]
Event: 1779.337 Thread 0x000001f671fec800 6701       3       com.mysql.cj.conf.IntegerPropertyDefinition::createRuntimeProperty (9 bytes)
Event: 1779.338 Thread 0x000001f671fec800 nmethod 6701 0x000001f65ec07d90 code [0x000001f65ec07f60, 0x000001f65ec08148]
Event: 1779.442 Thread 0x000001f671fe4000 6706       4       java.util.regex.Matcher::<init> (95 bytes)
Event: 1779.446 Thread 0x000001f671fec800 6707       3       java.util.regex.ASCII::isType (15 bytes)
Event: 1779.448 Thread 0x000001f671fec800 nmethod 6707 0x000001f65ec08290 code [0x000001f65ec08460, 0x000001f65ec08678]
Event: 1779.449 Thread 0x000001f671fec800 6708       3       java.util.regex.ASCII::getType (17 bytes)
Event: 1779.449 Thread 0x000001f671fec800 nmethod 6708 0x000001f65ec08790 code [0x000001f65ec08940, 0x000001f65ec08ab8]
Event: 1779.480 Thread 0x000001f671fec800 6710       3       com.mysql.cj.protocol.a.NativePacketPayload::writeBytes (73 bytes)
Event: 1779.493 Thread 0x000001f671fec800 nmethod 6710 0x000001f65ec08b90 code [0x000001f65ec08d80, 0x000001f65ec090f8]
Event: 1779.494 Thread 0x000001f671fec800 6712       3       java.net.PlainSocketImpl::socketAvailable (10 bytes)
Event: 1779.494 Thread 0x000001f671fec800 nmethod 6712 0x000001f65ec09290 code [0x000001f65ec09460, 0x000001f65ec095b8]
Event: 1779.494 Thread 0x000001f671fec800 6711       3       com.mysql.cj.conf.DefaultPropertySet::getStringProperty (6 bytes)
Event: 1779.495 Thread 0x000001f671fec800 nmethod 6711 0x000001f65ec09690 code [0x000001f65ec09840, 0x000001f65ec099e8]
Event: 1779.495 Thread 0x000001f671fec800 6713       1       com.mysql.cj.protocol.a.PacketSplitter::getOffset (5 bytes)
Event: 1779.495 Thread 0x000001f671fec800 nmethod 6713 0x000001f66567fa90 code [0x000001f66567fc40, 0x000001f66567fcf8]

GC Heap History (20 events):
Event: 27.465 GC heap before
{Heap before GC invocations=32 (full 0):
 garbage-first heap   total 63488K, used 46507K [0x00000000c3e00000, 0x0000000100000000)
  region size 1024K, 3 young (3072K), 1 survivors (1024K)
 Metaspace       used 66714K, capacity 68438K, committed 68572K, reserved 1110016K
  class space    used 8275K, capacity 8987K, committed 9040K, reserved 1048576K
}
Event: 27.471 GC heap after
{Heap after GC invocations=33 (full 0):
 garbage-first heap   total 76800K, used 39223K [0x00000000c3e00000, 0x0000000100000000)
  region size 1024K, 1 young (1024K), 1 survivors (1024K)
 Metaspace       used 66714K, capacity 68438K, committed 68572K, reserved 1110016K
  class space    used 8275K, capacity 8987K, committed 9040K, reserved 1048576K
}
Event: 27.481 GC heap before
{Heap before GC invocations=33 (full 0):
 garbage-first heap   total 76800K, used 40247K [0x00000000c3e00000, 0x0000000100000000)
  region size 1024K, 3 young (3072K), 1 survivors (1024K)
 Metaspace       used 66723K, capacity 68438K, committed 68572K, reserved 1110016K
  class space    used 8275K, capacity 8987K, committed 9040K, reserved 1048576K
}
Event: 27.485 GC heap after
{Heap after GC invocations=34 (full 0):
 garbage-first heap   total 76800K, used 38839K [0x00000000c3e00000, 0x0000000100000000)
  region size 1024K, 1 young (1024K), 1 survivors (1024K)
 Metaspace       used 66723K, capacity 68438K, committed 68572K, reserved 1110016K
  class space    used 8275K, capacity 8987K, committed 9040K, reserved 1048576K
}
Event: 27.587 GC heap before
{Heap before GC invocations=34 (full 0):
 garbage-first heap   total 76800K, used 51127K [0x00000000c3e00000, 0x0000000100000000)
  region size 1024K, 14 young (14336K), 1 survivors (1024K)
 Metaspace       used 66735K, capacity 68438K, committed 68572K, reserved 1110016K
  class space    used 8275K, capacity 8987K, committed 9040K, reserved 1048576K
}
Event: 27.596 GC heap after
{Heap after GC invocations=35 (full 0):
 garbage-first heap   total 76800K, used 42855K [0x00000000c3e00000, 0x0000000100000000)
  region size 1024K, 2 young (2048K), 2 survivors (2048K)
 Metaspace       used 66735K, capacity 68438K, committed 68572K, reserved 1110016K
  class space    used 8275K, capacity 8987K, committed 9040K, reserved 1048576K
}
Event: 27.831 GC heap before
{Heap before GC invocations=36 (full 0):
 garbage-first heap   total 76800K, used 54119K [0x00000000c3e00000, 0x0000000100000000)
  region size 1024K, 13 young (13312K), 2 survivors (2048K)
 Metaspace       used 66826K, capacity 68577K, committed 68828K, reserved 1110016K
  class space    used 8282K, capacity 9000K, committed 9040K, reserved 1048576K
}
Event: 27.839 GC heap after
{Heap after GC invocations=37 (full 0):
 garbage-first heap   total 76800K, used 46205K [0x00000000c3e00000, 0x0000000100000000)
  region size 1024K, 2 young (2048K), 2 survivors (2048K)
 Metaspace       used 66826K, capacity 68577K, committed 68828K, reserved 1110016K
  class space    used 8282K, capacity 9000K, committed 9040K, reserved 1048576K
}
Event: 27.842 GC heap before
{Heap before GC invocations=37 (full 0):
 garbage-first heap   total 76800K, used 47229K [0x00000000c3e00000, 0x0000000100000000)
  region size 1024K, 3 young (3072K), 2 survivors (2048K)
 Metaspace       used 66826K, capacity 68577K, committed 68828K, reserved 1110016K
  class space    used 8282K, capacity 9000K, committed 9040K, reserved 1048576K
}
Event: 27.849 GC heap after
{Heap after GC invocations=38 (full 0):
 garbage-first heap   total 110592K, used 41596K [0x00000000c3e00000, 0x0000000100000000)
  region size 1024K, 1 young (1024K), 1 survivors (1024K)
 Metaspace       used 66826K, capacity 68577K, committed 68828K, reserved 1110016K
  class space    used 8282K, capacity 9000K, committed 9040K, reserved 1048576K
}
Event: 28.127 GC heap before
{Heap before GC invocations=38 (full 0):
 garbage-first heap   total 110592K, used 63100K [0x00000000c3e00000, 0x0000000100000000)
  region size 1024K, 23 young (23552K), 1 survivors (1024K)
 Metaspace       used 66858K, capacity 68641K, committed 68828K, reserved 1110016K
  class space    used 8282K, capacity 9000K, committed 9040K, reserved 1048576K
}
Event: 28.137 GC heap after
{Heap after GC invocations=39 (full 0):
 garbage-first heap   total 110592K, used 47983K [0x00000000c3e00000, 0x0000000100000000)
  region size 1024K, 3 young (3072K), 3 survivors (3072K)
 Metaspace       used 66858K, capacity 68641K, committed 68828K, reserved 1110016K
  class space    used 8282K, capacity 9000K, committed 9040K, reserved 1048576K
}
Event: 48.014 GC heap before
{Heap before GC invocations=39 (full 0):
 garbage-first heap   total 110592K, used 70511K [0x00000000c3e00000, 0x0000000100000000)
  region size 1024K, 25 young (25600K), 3 survivors (3072K)
 Metaspace       used 69889K, capacity 71671K, committed 71900K, reserved 1112064K
  class space    used 8665K, capacity 9412K, committed 9552K, reserved 1048576K
}
Event: 48.129 GC heap after
{Heap after GC invocations=40 (full 0):
 garbage-first heap   total 110592K, used 50288K [0x00000000c3e00000, 0x0000000100000000)
  region size 1024K, 2 young (2048K), 2 survivors (2048K)
 Metaspace       used 69889K, capacity 71671K, committed 71900K, reserved 1112064K
  class space    used 8665K, capacity 9412K, committed 9552K, reserved 1048576K
}
Event: 172.844 GC heap before
{Heap before GC invocations=40 (full 0):
 garbage-first heap   total 110592K, used 71792K [0x00000000c3e00000, 0x0000000100000000)
  region size 1024K, 24 young (24576K), 2 survivors (2048K)
 Metaspace       used 73391K, capacity 75317K, committed 75612K, reserved 1116160K
  class space    used 9049K, capacity 9816K, committed 9936K, reserved 1048576K
}
Event: 173.038 GC heap after
{Heap after GC invocations=41 (full 0):
 garbage-first heap   total 110592K, used 51353K [0x00000000c3e00000, 0x0000000100000000)
  region size 1024K, 1 young (1024K), 1 survivors (1024K)
 Metaspace       used 73391K, capacity 75317K, committed 75612K, reserved 1116160K
  class space    used 9049K, capacity 9816K, committed 9936K, reserved 1048576K
}
Event: 805.853 GC heap before
{Heap before GC invocations=41 (full 0):
 garbage-first heap   total 110592K, used 74905K [0x00000000c3e00000, 0x0000000100000000)
  region size 1024K, 24 young (24576K), 1 survivors (1024K)
 Metaspace       used 73472K, capacity 75383K, committed 75612K, reserved 1116160K
  class space    used 9049K, capacity 9816K, committed 9936K, reserved 1048576K
}
Event: 805.929 GC heap after
{Heap after GC invocations=42 (full 0):
 garbage-first heap   total 110592K, used 51226K [0x00000000c3e00000, 0x0000000100000000)
  region size 1024K, 1 young (1024K), 1 survivors (1024K)
 Metaspace       used 73472K, capacity 75383K, committed 75612K, reserved 1116160K
  class space    used 9049K, capacity 9816K, committed 9936K, reserved 1048576K
}
Event: 1480.595 GC heap before
{Heap before GC invocations=42 (full 0):
 garbage-first heap   total 110592K, used 76826K [0x00000000c3e00000, 0x0000000100000000)
  region size 1024K, 26 young (26624K), 1 survivors (1024K)
 Metaspace       used 73507K, capacity 75383K, committed 75612K, reserved 1116160K
  class space    used 9049K, capacity 9816K, committed 9936K, reserved 1048576K
}
Event: 1480.685 GC heap after
{Heap after GC invocations=43 (full 0):
 garbage-first heap   total 110592K, used 51226K [0x00000000c3e00000, 0x0000000100000000)
  region size 1024K, 1 young (1024K), 1 survivors (1024K)
 Metaspace       used 73507K, capacity 75383K, committed 75612K, reserved 1116160K
  class space    used 9049K, capacity 9816K, committed 9936K, reserved 1048576K
}

Deoptimization events (20 events):
Event: 49.385 Thread 0x000001f672c15800 Uncommon trap: trap_request=0xffffff4d fr.pc=0x000001f66558e2c8 relative=0x00000000000001e8
Event: 49.385 Thread 0x000001f672c15800 Uncommon trap: reason=unstable_if action=reinterpret pc=0x000001f66558e2c8 method=java.util.regex.Matcher.search(I)Z @ 76 c2
Event: 49.385 Thread 0x000001f672c15800 DEOPT PACKING pc=0x000001f66558e2c8 sp=0x0000003d84ff9310
Event: 49.385 Thread 0x000001f672c15800 DEOPT UNPACKING pc=0x000001f65d80a1a9 sp=0x0000003d84ff9290 mode 2
Event: 1300.890 Thread 0x000001f675fc6000 Uncommon trap: trap_request=0xffffffbe fr.pc=0x000001f665657ca0 relative=0x0000000000002940
Event: 1300.921 Thread 0x000001f675fc6000 Uncommon trap: reason=profile_predicate action=maybe_recompile pc=0x000001f665657ca0 method=java.util.TreeMap.put(Ljava/lang/Object;Ljava/lang/Object;)Ljava/lang/Object; @ 55 c2
Event: 1300.929 Thread 0x000001f675fc6000 DEOPT PACKING pc=0x000001f665657ca0 sp=0x0000003d847fec70
Event: 1300.938 Thread 0x000001f675fc6000 DEOPT UNPACKING pc=0x000001f65d80a1a9 sp=0x0000003d847fec70 mode 2
Event: 1300.939 Thread 0x000001f675fc6000 Uncommon trap: trap_request=0xffffffbe fr.pc=0x000001f665657ca0 relative=0x0000000000002940
Event: 1300.939 Thread 0x000001f675fc6000 Uncommon trap: reason=profile_predicate action=maybe_recompile pc=0x000001f665657ca0 method=java.util.TreeMap.put(Ljava/lang/Object;Ljava/lang/Object;)Ljava/lang/Object; @ 55 c2
Event: 1300.939 Thread 0x000001f675fc6000 DEOPT PACKING pc=0x000001f665657ca0 sp=0x0000003d847fec70
Event: 1300.949 Thread 0x000001f675fc6000 DEOPT UNPACKING pc=0x000001f65d80a1a9 sp=0x0000003d847fec70 mode 2
Event: 1300.950 Thread 0x000001f675fc6000 Uncommon trap: trap_request=0xffffffbe fr.pc=0x000001f665657ca0 relative=0x0000000000002940
Event: 1300.950 Thread 0x000001f675fc6000 Uncommon trap: reason=profile_predicate action=maybe_recompile pc=0x000001f665657ca0 method=java.util.TreeMap.put(Ljava/lang/Object;Ljava/lang/Object;)Ljava/lang/Object; @ 55 c2
Event: 1300.950 Thread 0x000001f675fc6000 DEOPT PACKING pc=0x000001f665657ca0 sp=0x0000003d847fec70
Event: 1300.950 Thread 0x000001f675fc6000 DEOPT UNPACKING pc=0x000001f65d80a1a9 sp=0x0000003d847fec70 mode 2
Event: 1310.962 Thread 0x000001f675fc6000 Uncommon trap: trap_request=0xffffffbe fr.pc=0x000001f665657ca0 relative=0x0000000000002940
Event: 1310.962 Thread 0x000001f675fc6000 Uncommon trap: reason=profile_predicate action=maybe_recompile pc=0x000001f665657ca0 method=java.util.TreeMap.put(Ljava/lang/Object;Ljava/lang/Object;)Ljava/lang/Object; @ 55 c2
Event: 1310.962 Thread 0x000001f675fc6000 DEOPT PACKING pc=0x000001f665657ca0 sp=0x0000003d847fec70
Event: 1310.963 Thread 0x000001f675fc6000 DEOPT UNPACKING pc=0x000001f65d80a1a9 sp=0x0000003d847fec70 mode 2

Classes redefined (0 events):
No events

Internal exceptions (20 events):
Event: 28.680 Thread 0x000001f673158800 Exception <a 'java/lang/NoSuchMethodError'{0x00000000ca0c45f0}: 'java.lang.Object java.lang.invoke.DirectMethodHandle$Holder.invokeSpecial(java.lang.Object, java.lang.Object, java.lang.Object, int, int, java.lang.Object)'> (0x00000000ca0c45f0) thrown at [./src/hotspot/share/interpreter/linkResolver.cpp, line 773]
Event: 28.681 Thread 0x000001f673158800 Exception <a 'java/lang/NoSuchMethodError'{0x00000000ca0cccc8}: 'java.lang.Object java.lang.invoke.DirectMethodHandle$Holder.invokeStatic(java.lang.Object, java.lang.Object, java.lang.Object, int, int)'> (0x00000000ca0cccc8) thrown at [./src/hotspot/share/interpreter/linkResolver.cpp, line 773]
Event: 28.682 Thread 0x000001f673158800 Exception <a 'java/lang/NoSuchMethodError'{0x00000000ca0d0800}: 'java.lang.Object java.lang.invoke.DirectMethodHandle$Holder.invokeSpecial(java.lang.Object, java.lang.Object, java.lang.Object, java.lang.Object, int, int)'> (0x00000000ca0d0800) thrown at [./src/hotspot/share/interpreter/linkResolver.cpp, line 773]
Event: 28.682 Thread 0x000001f673158800 Exception <a 'java/lang/NoSuchMethodError'{0x00000000ca0d3bb0}: 'java.lang.Object java.lang.invoke.Invokers$Holder.linkToTargetMethod(java.lang.Object, java.lang.Object, int, int, java.lang.Object)'> (0x00000000ca0d3bb0) thrown at [./src/hotspot/share/interpreter/linkResolver.cpp, line 773]
Event: 28.694 Thread 0x000001f673158800 Exception <a 'java/lang/IncompatibleClassChangeError'{0x00000000c9f191d0}: Found class java.lang.Object, but interface was expected> (0x00000000c9f191d0) thrown at [./src/hotspot/share/interpreter/linkResolver.cpp, line 839]
Event: 28.787 Thread 0x000001f673158800 Implicit null exception at 0x000001f6653ba45a to 0x000001f6653ba63c
Event: 28.917 Thread 0x000001f673158800 Exception <a 'java/lang/NoSuchMethodError'{0x00000000c9b951a0}: 'java.lang.Object java.lang.invoke.DirectMethodHandle$Holder.invokeSpecial(java.lang.Object, java.lang.Object, int, java.lang.Object, int, java.lang.Object)'> (0x00000000c9b951a0) thrown at [./src/hotspot/share/interpreter/linkResolver.cpp, line 773]
Event: 28.918 Thread 0x000001f673158800 Exception <a 'java/lang/NoSuchMethodError'{0x00000000c9b9cdd8}: 'java.lang.Object java.lang.invoke.DirectMethodHandle$Holder.invokeStatic(java.lang.Object, java.lang.Object, int, java.lang.Object, int)'> (0x00000000c9b9cdd8) thrown at [./src/hotspot/share/interpreter/linkResolver.cpp, line 773]
Event: 28.918 Thread 0x000001f673158800 Exception <a 'java/lang/NoSuchMethodError'{0x00000000c9ba05b8}: 'java.lang.Object java.lang.invoke.DirectMethodHandle$Holder.invokeSpecial(java.lang.Object, java.lang.Object, java.lang.Object, int, java.lang.Object, int)'> (0x00000000c9ba05b8) thrown at [./src/hotspot/share/interpreter/linkResolver.cpp, line 773]
Event: 28.925 Thread 0x000001f673158800 Exception <a 'java/lang/NoSuchMethodError'{0x00000000c9ba9bb8}: 'void java.lang.invoke.DirectMethodHandle$Holder.invokeVirtual(java.lang.Object, java.lang.Object)'> (0x00000000c9ba9bb8) thrown at [./src/hotspot/share/interpreter/linkResolver.cpp, line 773]
Event: 49.734 Thread 0x000001f672c15800 Exception <a 'java/lang/NoSuchMethodError'{0x00000000c9f1e7d8}: 'java.lang.Object java.lang.invoke.DirectMethodHandle$Holder.invokeInterface(java.lang.Object, java.lang.Object, java.lang.Object, java.lang.Object)'> (0x00000000c9f1e7d8) thrown at [./src/hotspot/share/interpreter/linkResolver.cpp, line 773]
Event: 49.962 Thread 0x000001f672c15800 Exception <a 'java/lang/NoSuchMethodError'{0x00000000c9e0ed20}: 'java.lang.Object java.lang.invoke.DirectMethodHandle$Holder.invokeStaticInit(java.lang.Object, java.lang.Object, java.lang.Object, java.lang.Object, java.lang.Object, java.lang.Object)'> (0x00000000c9e0ed20) thrown at [./src/hotspot/share/interpreter/linkResolver.cpp, line 773]
Event: 50.846 Thread 0x000001f672c15800 Exception <a 'java/lang/ClassNotFoundException'{0x00000000c9dafff8}: java/lang/ObjectCustomizer> (0x00000000c9dafff8) thrown at [./src/hotspot/share/classfile/systemDictionary.cpp, line 230]
Event: 50.854 Thread 0x000001f672c15800 Exception <a 'java/lang/ClassNotFoundException'{0x00000000c9dc7480}: com/bbb/rbnbperso/dtos/AnnounceDTOCustomizer> (0x00000000c9dc7480) thrown at [./src/hotspot/share/classfile/systemDictionary.cpp, line 230]
Event: 50.863 Thread 0x000001f672c15800 Exception <a 'java/lang/ClassNotFoundException'{0x00000000c9dde368}: java/lang/ObjectCustomizer> (0x00000000c9dde368) thrown at [./src/hotspot/share/classfile/systemDictionary.cpp, line 230]
Event: 50.866 Thread 0x000001f672c15800 Exception <a 'java/lang/ClassNotFoundException'{0x00000000c9df48d0}: com/bbb/rbnbperso/entities/AnnounceCustomizer> (0x00000000c9df48d0) thrown at [./src/hotspot/share/classfile/systemDictionary.cpp, line 230]
Event: 50.873 Thread 0x000001f672c15800 Exception <a 'java/lang/ClassNotFoundException'{0x00000000c9c10d38}: java/lang/ObjectCustomizer> (0x00000000c9c10d38) thrown at [./src/hotspot/share/classfile/systemDictionary.cpp, line 230]
Event: 50.880 Thread 0x000001f672c15800 Exception <a 'java/lang/ClassNotFoundException'{0x00000000c9c27310}: com/bbb/rbnbperso/dtos/AppUserDTOCustomizer> (0x00000000c9c27310) thrown at [./src/hotspot/share/classfile/systemDictionary.cpp, line 230]
Event: 50.890 Thread 0x000001f672c15800 Exception <a 'java/lang/ClassNotFoundException'{0x00000000c9c397c0}: java/lang/ObjectCustomizer> (0x00000000c9c397c0) thrown at [./src/hotspot/share/classfile/systemDictionary.cpp, line 230]
Event: 50.900 Thread 0x000001f672c15800 Exception <a 'java/lang/ClassNotFoundException'{0x00000000c9c4fbc0}: com/bbb/rbnbperso/entities/AppUserCustomizer> (0x00000000c9c4fbc0) thrown at [./src/hotspot/share/classfile/systemDictionary.cpp, line 230]

Events (20 events):
Event: 1779.119 loading class com/mysql/cj/exceptions/SSLParamsException
Event: 1779.119 loading class com/mysql/cj/exceptions/SSLParamsException done
Event: 1779.129 loading class javax/net/ssl/TrustManager
Event: 1779.130 loading class javax/net/ssl/TrustManager done
Event: 1779.132 loading class java/security/spec/InvalidKeySpecException
Event: 1779.132 loading class java/security/spec/InvalidKeySpecException done
Event: 1779.133 loading class java/security/spec/KeySpec
Event: 1779.133 loading class java/security/spec/KeySpec done
Event: 1779.133 loading class javax/crypto/NoSuchPaddingException
Event: 1779.135 loading class javax/crypto/NoSuchPaddingException done
Event: 1779.135 loading class javax/crypto/IllegalBlockSizeException
Event: 1779.136 loading class javax/crypto/IllegalBlockSizeException done
Event: 1779.137 loading class javax/crypto/BadPaddingException
Event: 1779.137 loading class javax/crypto/BadPaddingException done
Event: 1779.230 Executing VM operation: RevokeBias
Event: 1779.231 Executing VM operation: RevokeBias done
Event: 1779.231 Executing VM operation: RevokeBias
Event: 1779.231 Executing VM operation: RevokeBias done
Event: 1779.234 Executing VM operation: RevokeBias
Event: 1779.236 Executing VM operation: RevokeBias done


Dynamic libraries:
0x00007ff613630000 - 0x00007ff61363d000 	C:\Users\bahbo\.jdks\corretto-11.0.17\bin\java.exe
0x00007ff86a8d0000 - 0x00007ff86aac8000 	C:\windows\SYSTEM32\ntdll.dll
0x00007ff8699f0000 - 0x00007ff869aaf000 	C:\windows\System32\KERNEL32.DLL
0x00007ff868110000 - 0x00007ff8683e2000 	C:\windows\System32\KERNELBASE.dll
0x00007ff868700000 - 0x00007ff868800000 	C:\windows\System32\ucrtbase.dll
0x00007ff83b480000 - 0x00007ff83b497000 	C:\Users\bahbo\.jdks\corretto-11.0.17\bin\jli.dll
0x00007ff83d160000 - 0x00007ff83d179000 	C:\Users\bahbo\.jdks\corretto-11.0.17\bin\VCRUNTIME140.dll
0x00007ff869240000 - 0x00007ff8693e1000 	C:\windows\System32\USER32.dll
0x00007ff868610000 - 0x00007ff868632000 	C:\windows\System32\win32u.dll
0x00007ff869780000 - 0x00007ff8697ab000 	C:\windows\System32\GDI32.dll
0x00007ff868800000 - 0x00007ff86890f000 	C:\windows\System32\gdi32full.dll
0x00007ff867fc0000 - 0x00007ff86805d000 	C:\windows\System32\msvcp_win.dll
0x00007ff850830000 - 0x00007ff850aca000 	C:\windows\WinSxS\amd64_microsoft.windows.common-controls_6595b64144ccf1df_6.0.19041.1110_none_60b5254171f9507e\COMCTL32.dll
0x00007ff86a710000 - 0x00007ff86a7ae000 	C:\windows\System32\msvcrt.dll
0x00007ff86a370000 - 0x00007ff86a3a2000 	C:\windows\System32\IMM32.DLL
0x00007ff8029e0000 - 0x00007ff802a7b000 	C:\Users\bahbo\.jdks\corretto-11.0.17\bin\msvcp140.dll
0x00007ff801a50000 - 0x00007ff8025d5000 	C:\Users\bahbo\.jdks\corretto-11.0.17\bin\server\jvm.dll
0x00007ff86a2c0000 - 0x00007ff86a36e000 	C:\windows\System32\ADVAPI32.dll
0x00007ff869400000 - 0x00007ff86949c000 	C:\windows\System32\sechost.dll
0x00007ff869060000 - 0x00007ff869185000 	C:\windows\System32\RPCRT4.dll
0x00007ff8693f0000 - 0x00007ff8693f8000 	C:\windows\System32\PSAPI.DLL
0x00007ff84db30000 - 0x00007ff84db57000 	C:\windows\SYSTEM32\WINMM.dll
0x00007ff85e8d0000 - 0x00007ff85e8da000 	C:\windows\SYSTEM32\VERSION.dll
0x00007ff84fe40000 - 0x00007ff84fe49000 	C:\windows\SYSTEM32\WSOCK32.dll
0x00007ff869ab0000 - 0x00007ff869b1b000 	C:\windows\System32\WS2_32.dll
0x00007ff866830000 - 0x00007ff866842000 	C:\windows\SYSTEM32\kernel.appcore.dll
0x00007ff84a740000 - 0x00007ff84a750000 	C:\Users\bahbo\.jdks\corretto-11.0.17\bin\verify.dll
0x00007ff866540000 - 0x00007ff866724000 	C:\windows\SYSTEM32\DBGHELP.DLL
0x00007ff851ae0000 - 0x00007ff851b15000 	C:\windows\SYSTEM32\dbgcore.DLL
0x00007ff8683f0000 - 0x00007ff868472000 	C:\windows\System32\bcryptPrimitives.dll
0x00007ff8326d0000 - 0x00007ff8326f8000 	C:\Users\bahbo\.jdks\corretto-11.0.17\bin\java.dll
0x00007ff83d150000 - 0x00007ff83d15a000 	C:\Users\bahbo\.jdks\corretto-11.0.17\bin\jimage.dll
0x00007ff861c60000 - 0x00007ff861c6e000 	C:\Users\bahbo\.jdks\corretto-11.0.17\bin\instrument.dll
0x00007ff8326b0000 - 0x00007ff8326c8000 	C:\Users\bahbo\.jdks\corretto-11.0.17\bin\zip.dll
0x00007ff868910000 - 0x00007ff869054000 	C:\windows\System32\SHELL32.dll
0x00007ff865da0000 - 0x00007ff866532000 	C:\windows\SYSTEM32\windows.storage.dll
0x00007ff86a3b0000 - 0x00007ff86a705000 	C:\windows\System32\combase.dll
0x00007ff867930000 - 0x00007ff867960000 	C:\windows\SYSTEM32\Wldp.dll
0x00007ff869940000 - 0x00007ff8699ed000 	C:\windows\System32\SHCORE.dll
0x00007ff86a260000 - 0x00007ff86a2b5000 	C:\windows\System32\shlwapi.dll
0x00007ff867f00000 - 0x00007ff867f1f000 	C:\windows\SYSTEM32\profapi.dll
0x00007ff831ca0000 - 0x00007ff831cb9000 	C:\Users\bahbo\.jdks\corretto-11.0.17\bin\net.dll
0x00007ff859890000 - 0x00007ff85999c000 	C:\windows\SYSTEM32\WINHTTP.dll
0x00007ff8676a0000 - 0x00007ff86770a000 	C:\windows\system32\mswsock.dll
0x00007ff831c80000 - 0x00007ff831c93000 	C:\Users\bahbo\.jdks\corretto-11.0.17\bin\nio.dll
0x00007ff850810000 - 0x00007ff85082a000 	C:\Program Files\JetBrains\IntelliJ IDEA Community Edition 2022.2\bin\breakgen64.dll
0x00007ff851b40000 - 0x00007ff851b49000 	C:\Users\bahbo\.jdks\corretto-11.0.17\bin\management.dll
0x00007ff851a60000 - 0x00007ff851a6b000 	C:\Users\bahbo\.jdks\corretto-11.0.17\bin\management_ext.dll
0x00007ff862180000 - 0x00007ff862197000 	C:\windows\system32\napinsp.dll
0x00007ff81a170000 - 0x00007ff81a18b000 	C:\windows\system32\pnrpnsp.dll
0x00007ff8628f0000 - 0x00007ff862905000 	C:\windows\system32\wshbth.dll
0x00007ff8630f0000 - 0x00007ff86310d000 	C:\windows\system32\NLAapi.dll
0x00007ff867390000 - 0x00007ff8673cb000 	C:\windows\SYSTEM32\IPHLPAPI.DLL
0x00007ff8673d0000 - 0x00007ff86749a000 	C:\windows\SYSTEM32\DNSAPI.dll
0x00007ff869190000 - 0x00007ff869198000 	C:\windows\System32\NSI.dll
0x00007ff815680000 - 0x00007ff815692000 	C:\windows\System32\winrnr.dll
0x00007ff853e60000 - 0x00007ff853e6a000 	C:\Windows\System32\rasadhlp.dll
0x00007ff851040000 - 0x00007ff8510c0000 	C:\windows\System32\fwpuclnt.dll
0x00007ff8685e0000 - 0x00007ff868607000 	C:\windows\System32\bcrypt.dll
0x00007ff867890000 - 0x00007ff8678a8000 	C:\windows\SYSTEM32\CRYPTSP.dll
0x00007ff866fc0000 - 0x00007ff866ff4000 	C:\windows\system32\rsaenh.dll
0x00007ff867e80000 - 0x00007ff867eae000 	C:\windows\SYSTEM32\USERENV.dll
0x00007ff867d50000 - 0x00007ff867d5c000 	C:\windows\SYSTEM32\CRYPTBASE.dll
0x00007ff85b2e0000 - 0x00007ff85b2f7000 	C:\windows\SYSTEM32\dhcpcsvc6.DLL
0x00007ff85d570000 - 0x00007ff85d58d000 	C:\windows\SYSTEM32\dhcpcsvc.DLL
0x00007ff8507e0000 - 0x00007ff850805000 	C:\Users\bahbo\.jdks\corretto-11.0.17\bin\sunec.dll
0x00007ff8507d0000 - 0x00007ff8507de000 	C:\Users\bahbo\.jdks\corretto-11.0.17\bin\sunmscapi.dll
0x00007ff868480000 - 0x00007ff8685d6000 	C:\windows\System32\CRYPT32.dll
0x00007ff8679a0000 - 0x00007ff8679c7000 	C:\windows\SYSTEM32\ncrypt.dll
0x00007ff867960000 - 0x00007ff86799b000 	C:\windows\SYSTEM32\NTASN1.dll

dbghelp: loaded successfully - version: 4.0.5 - missing functions: none
symbol engine: initialized successfully - sym options: 0x614 - pdb path: .;C:\Users\bahbo\.jdks\corretto-11.0.17\bin;C:\windows\SYSTEM32;C:\windows\WinSxS\amd64_microsoft.windows.common-controls_6595b64144ccf1df_6.0.19041.1110_none_60b5254171f9507e;C:\Users\bahbo\.jdks\corretto-11.0.17\bin\server;C:\Program Files\JetBrains\IntelliJ IDEA Community Edition 2022.2\bin

VM Arguments:
jvm_args: -javaagent:C:\Program Files\JetBrains\IntelliJ IDEA Community Edition 2022.2\lib\idea_rt.jar=65337:C:\Program Files\JetBrains\IntelliJ IDEA Community Edition 2022.2\bin -Dfile.encoding=UTF-8 
java_command: com.bbb.rbnbperso.RbnbpersoApplication
java_class_path (initial): C:\Users\bahbo\Desktop\ProjetRBNB\back\target\classes;C:\Users\bahbo\.m2\repository\org\springframework\boot\spring-boot-starter-data-jdbc\2.7.7\spring-boot-starter-data-jdbc-2.7.7.jar;C:\Users\bahbo\.m2\repository\org\springframework\boot\spring-boot-starter-jdbc\2.7.7\spring-boot-starter-jdbc-2.7.7.jar;C:\Users\bahbo\.m2\repository\com\zaxxer\HikariCP\4.0.3\HikariCP-4.0.3.jar;C:\Users\bahbo\.m2\repository\org\springframework\spring-jdbc\5.3.24\spring-jdbc-5.3.24.jar;C:\Users\bahbo\.m2\repository\org\springframework\data\spring-data-jdbc\2.4.6\spring-data-jdbc-2.4.6.jar;C:\Users\bahbo\.m2\repository\org\springframework\data\spring-data-relational\2.4.6\spring-data-relational-2.4.6.jar;C:\Users\bahbo\.m2\repository\org\springframework\data\spring-data-commons\2.7.6\spring-data-commons-2.7.6.jar;C:\Users\bahbo\.m2\repository\org\springframework\spring-tx\5.3.24\spring-tx-5.3.24.jar;C:\Users\bahbo\.m2\repository\org\springframework\spring-context\5.3.24\spring-context-5.3.24.jar;C:\Users\bahbo\.m2\repository\org\springframework\spring-beans\5.3.24\spring-beans-5.3.24.jar;C:\Users\bahbo\.m2\repository\org\slf4j\slf4j-api\1.7.36\slf4j-api-1.7.36.jar;C:\Users\bahbo\.m2\repository\org\springframework\boot\spring-boot-starter-data-jpa\2.7.7\spring-boot-starter-data-jpa-2.7.7.jar;C:\Users\bahbo\.m2\repository\org\springframework\boot\spring-boot-starter-aop\2.7.7\spring-boot-starter-aop-2.7.7.jar;C:\Users\bahbo\.m2\repository\org\springframework\spring-aop\5.3.24\spring-aop-5.3.24.jar;C:\Users\bahbo\.m2\repository\org\aspectj\aspectjweaver\1.9.7\aspectjweaver-1.9.7.jar;C:\Users\bahbo\.m2\repository\jakarta\transaction\jakarta.transaction-api\1.3.3\jakarta.transaction-api-1.3.3.jar;C:\Users\bahbo\.m2\repository\jakarta\persistence\jakarta.persistence-api\2.2.3\jakarta.persistence-api-2.2.3.jar;C:\Users\bahbo\.m2\repository\org\hibernate\hibernate-core\5.6.14.Final\hibernate-core-5.6.14.Final.jar;C:\Users\bahbo\.m2\repository\org\jboss\logging\jbo
Launcher Type: SUN_STANDARD

[Global flags]
     intx CICompilerCount                          = 3                                         {product} {ergonomic}
     uint ConcGCThreads                            = 1                                         {product} {ergonomic}
     uint G1ConcRefinementThreads                  = 4                                         {product} {ergonomic}
   size_t G1HeapRegionSize                         = 1048576                                   {product} {ergonomic}
    uintx GCDrainStackTargetSize                   = 64                                        {product} {ergonomic}
   size_t InitialHeapSize                          = 65011712                                  {product} {ergonomic}
   size_t MarkStackSize                            = 4194304                                   {product} {ergonomic}
   size_t MaxHeapSize                              = 1008730112                                {product} {ergonomic}
   size_t MaxNewSize                               = 605028352                                 {product} {ergonomic}
   size_t MinHeapDeltaBytes                        = 1048576                                   {product} {ergonomic}
    uintx NonNMethodCodeHeapSize                   = 5830732                                {pd product} {ergonomic}
    uintx NonProfiledCodeHeapSize                  = 122913754                              {pd product} {ergonomic}
    uintx ProfiledCodeHeapSize                     = 122913754                              {pd product} {ergonomic}
    uintx ReservedCodeCacheSize                    = 251658240                              {pd product} {ergonomic}
     bool SegmentedCodeCache                       = true                                      {product} {ergonomic}
     bool UseCompressedClassPointers               = true                                 {lp64_product} {ergonomic}
     bool UseCompressedOops                        = true                                 {lp64_product} {ergonomic}
     bool UseG1GC                                  = true                                      {product} {ergonomic}
     bool UseLargePagesIndividualAllocation        = false                                  {pd product} {ergonomic}

Logging:
Log output configuration:
 #0: stdout all=warning uptime,level,tags
 #1: stderr all=off uptime,level,tags

Environment Variables:
JAVA_HOME=C:\Program Files\Java\jdk1.8.0_202
PATH=C:\Program Files\Eclipse Adoptium\jdk-8.0.345.1-hotspot\bin;C:\Program Files\Java\jdk1.8.0_202\bin;C:\Program Files (x86)\Common Files\Oracle\Java\javapath;C:\Python39\Scripts\;C:\Python39\;C:\windows\system32;C:\windows;C:\windows\System32\Wbem;C:\windows\System32\WindowsPowerShell\v1.0\;C:\windows\System32\OpenSSH\;C:\ProgramData\chocolatey\bin;C:\mysql\bin;C:\Program Files\Git\cmd;C:\Program Files\nodejs\;C:\Users\bahbo\AppData\Local\Microsoft\WindowsApps;C:\Users\bahbo\AppData\Local\Programs\Microsoft VS Code\bin;C:\Users\bahbo\AppData\Roaming\npm
USERNAME=bahbo
OS=Windows_NT
PROCESSOR_IDENTIFIER=Intel64 Family 6 Model 122 Stepping 8, GenuineIntel
TMP=C:\Users\bahbo\AppData\Local\Temp
TEMP=C:\Users\bahbo\AppData\Local\Temp



---------------  S Y S T E M  ---------------

OS: Windows 10 , 64 bit Build 19041 (10.0.19041.2364)
OS uptime: 5 days 14:05 hours

CPU:total 4 (initial active 4) (4 cores per cpu, 1 threads per core) family 6 model 122 stepping 8 microcode 0x1a, cmov, cx8, fxsr, mmx, sse, sse2, sse3, ssse3, sse4.1, sse4.2, popcnt, aes, clmul, erms, 3dnowpref, tsc, tscinvbit, sha

Memory: 4k page, system-wide physical 3843M (91M free)
TotalPageFile size 15619M (AvailPageFile size 66M)
current process WorkingSet (physical memory assigned to process): 43M, peak: 262M
current process commit charge ("private bytes"): 303M, peak: 328M

vm_info: OpenJDK 64-Bit Server VM (11.0.17+8-LTS) for windows-amd64 JRE (11.0.17+8-LTS), built on Oct 14 2022 18:02:01 by "Administrator" with MS VC++ 15.9 (VS2017)

END.
